#
# A fatal error has been detected by the Java Runtime Environment:
#
#  SIGSEGV (0xb) at pc=0x00007fd9d8ee32f2, pid=31937, tid=0x00007fd9da374700
#
# JRE version: OpenJDK Runtime Environment (8.0_121-b13) (build 1.8.0_121-8u121-b13-0ubuntu1.16.10.2-b13)
# Java VM: OpenJDK 64-Bit Server VM (25.121-b13 mixed mode linux-amd64 compressed oops)
# Problematic frame:
# V  [libjvm.so+0x8b62f2]  SR_handler(int, siginfo_t*, ucontext*)+0x42
#
# Failed to write core dump. Core dumps have been disabled. To enable core dumping, try "ulimit -c unlimited" before starting Java again
#
# If you would like to submit a bug report, please visit:
#   http://bugreport.java.com/bugreport/crash.jsp
#

---------------  T H R E A D  ---------------

Current thread is native thread

siginfo: si_signo: 11 (SIGSEGV), si_code: 1 (SEGV_MAPERR), si_addr: 0x0000000000000110

Registers:
RAX=0x0000000000000000, RBX=0x00007fd9da374698, RCX=0x00007fd9d957698d, RDX=0x00007fd9da374a20
RSP=0x00007fffe437d7f0, RBP=0x00007fffe437d8b0, RSI=0x00007fffe437d9f0, RDI=0x0000000000000001
R8 =0x00000000000000ca, R9 =0x00007fd9da3739d0, R10=0x0000000000000000, R11=0x0000000000000246
R12=0x00007fffe437df60, R13=0x0000000000000000, R14=0x00007fffe437d9f0, R15=0x00007fffe437d8c0
RIP=0x00007fd9d8ee32f2, EFLAGS=0x0000000000010246, CSGSFS=0x002b000000000033, ERR=0x0000000000000004
  TRAPNO=0x000000000000000e

Top of Stack: (sp=0x00007fffe437d7f0)
0x00007fffe437d7f0:   00007fffe437d9a0 0000000000000001
0x00007fffe437d800:   000000000000003f 00007fd9d9cc19c6
0x00007fffe437d810:   372fa433fbad8001 00007fffe437da80
0x00007fffe437d820:   00007fffe437da80 00007fffe437da80
0x00007fffe437d830:   00007fffe437da80 00007fffe437da8f
0x00007fffe437d840:   00007fffe437dabf 00007fffe437da80
0x00007fffe437d850:   00007fffe437dabf 0000000000000000
0x00007fffe437d860:   0000000000000000 0000000000000000
0x00007fffe437d870:   0000000000000000 bb418fe99c4f5c00
0x00007fffe437d880:   000000049852e38f 00007fd9da373700
0x00007fffe437d890:   00007fffe437df60 0000000000000000
0x00007fffe437d8a0:   00007fd9da374700 00007fd9da373d28
0x00007fffe437d8b0:   00007fffe437dfc8 00007fd9d9bdf860
0x00007fffe437d8c0:   0000000000000007 0000000000000000
0x00007fffe437d8d0:   0000000000000000 00007fff00000002
0x00007fffe437d8e0:   0000000000000000 00000000000000ca
0x00007fffe437d8f0:   00007fd9da3739d0 0000000000000000
0x00007fffe437d900:   0000000000000246 00007fffe437df60
0x00007fffe437d910:   0000000000000000 00007fd9da374700
0x00007fffe437d920:   00007fd9da373d28 00007fd9da3739d0
0x00007fffe437d930:   0000000000000000 00007fffe437dfc8
0x00007fffe437d940:   00007fd9da373700 0000000000007cc8
0x00007fffe437d950:   00000000000000ca 00007fd9d957698d
0x00007fffe437d960:   00007fffe437df50 00007fd9d957698b
0x00007fffe437d970:   0000000000000246 002b000000000033
0x00007fffe437d980:   0000000000000000 0000000000000000
0x00007fffe437d990:   0000000000000000 0000000000000000
0x00007fffe437d9a0:   00007fffe437da80 00000000e437da64
0x00007fffe437d9b0:   0000000000000000 0000000200000000
0x00007fffe437d9c0:   00007fffe437de93 0000000000000000
0x00007fffe437d9d0:   ffffffffffffffff 0000000100000000
0x00007fffe437d9e0:   00007fff00000000 0000000000000000 

Instructions: (pc=0x00007fd9d8ee32f2)
0x00007fd9d8ee32d2:   00 48 89 45 c8 31 c0 e8 52 6a 93 ff 44 8b 28 48
0x00007fd9d8ee32e2:   89 c3 48 8d 05 5d 62 64 00 8b 38 e8 d6 6c 93 ff
0x00007fd9d8ee32f2:   4c 8b a0 10 01 00 00 41 8b 84 24 a8 00 00 00 83
0x00007fd9d8ee3302:   f8 01 74 2a 48 8b 45 c8 64 48 33 04 25 28 00 00 

Register to memory mapping:

RAX=0x0000000000000000 is an unknown value
RBX=0x00007fd9da374698 is an unknown value
RCX=0x00007fd9d957698d: pthread_join+0xbd in /lib/x86_64-linux-gnu/libpthread.so.0 at 0x00007fd9d956e000
RDX=0x00007fd9da374a20 is an unknown value
RSP=0x00007fffe437d7f0 is an unknown value
RBP=0x00007fffe437d8b0 is an unknown value
RSI=0x00007fffe437d9f0 is an unknown value
RDI=0x0000000000000001 is an unknown value
R8 =0x00000000000000ca is an unknown value
R9 =0x00007fd9da3739d0 is pointing into the stack for thread: 0x00007fd9d000a000
R10=0x0000000000000000 is an unknown value
R11=0x0000000000000246 is an unknown value
R12=0x00007fffe437df60 is an unknown value
R13=0x0000000000000000 is an unknown value
R14=0x00007fffe437d9f0 is an unknown value
R15=0x00007fffe437d8c0 is an unknown value


Stack: [0x00007fffe4285000,0x00007fffe4385000],  sp=0x00007fffe437d7f0,  free space=993k
Native frames: (J=compiled Java code, j=interpreted, Vv=VM code, C=native code)
V  [libjvm.so+0x8b62f2]  SR_handler(int, siginfo_t*, ucontext*)+0x42
C  [libc.so.6+0x35860]


---------------  P R O C E S S  ---------------

VM state:not at safepoint (normal execution)

VM Mutex/Monitor currently owned by a thread: None

Heap:
 PSYoungGen      total 36864K, used 17466K [0x00000000d7000000, 0x00000000db800000, 0x0000000100000000)
  eden space 31744K, 41% used [0x00000000d7000000,0x00000000d7ce1cc0,0x00000000d8f00000)
  from space 5120K, 83% used [0x00000000d8f00000,0x00000000d932cea0,0x00000000d9400000)
  to   space 5120K, 0% used [0x00000000db300000,0x00000000db300000,0x00000000db800000)
 ParOldGen       total 84992K, used 8K [0x0000000085000000, 0x000000008a300000, 0x00000000d7000000)
  object space 84992K, 0% used [0x0000000085000000,0x0000000085002000,0x000000008a300000)
 Metaspace       used 7330K, capacity 7608K, committed 7808K, reserved 1056768K
  class space    used 964K, capacity 1064K, committed 1152K, reserved 1048576K

Card table byte_map: [0x00007fd9d655b000,0x00007fd9d6934000] byte_map_base: 0x00007fd9d6133000

Marking Bits: (ParMarkBitMap*) 0x00007fd9d9551220
 Begin Bits: [0x00007fd9b8280000, 0x00007fd9ba140000)
 End Bits:   [0x00007fd9ba140000, 0x00007fd9bc000000)

Polling page: 0x00007fd9da3a0000

CodeCache: size=245760Kb used=2574Kb max_used=2582Kb free=243185Kb
 bounds [0x00007fd9c1000000, 0x00007fd9c1290000, 0x00007fd9d0000000]
 total_blobs=888 nmethods=608 adapters=195
 compilation: enabled

Compilation events (10 events):
Event: 1.347 Thread 0x00007fd9d00b2000  603       3       java.lang.ref.Reference::<init> (7 bytes)
Event: 1.348 Thread 0x00007fd9d00b2000 nmethod 603 0x00007fd9c1283610 code [0x00007fd9c1283780, 0x00007fd9c12839f0]
Event: 1.362 Thread 0x00007fd9d00b2000  604       3       java.lang.ref.SoftReference::<init> (13 bytes)
Event: 1.363 Thread 0x00007fd9d00b2000 nmethod 604 0x00007fd9c1283ad0 code [0x00007fd9c1283c40, 0x00007fd9c1283f30]
Event: 1.365 Thread 0x00007fd9d00b0800  605       4       sun.misc.URLClassPath::getResource (83 bytes)
Event: 1.379 Thread 0x00007fd9d00b0800 nmethod 605 0x00007fd9c1286f50 code [0x00007fd9c12870c0, 0x00007fd9c12873a8]
Event: 1.392 Thread 0x00007fd9d00b2000  606       1       java.lang.reflect.Method::getModifiers (5 bytes)
Event: 1.393 Thread 0x00007fd9d00b2000 nmethod 606 0x00007fd9c1276190 code [0x00007fd9c12762e0, 0x00007fd9c12763f0]
Event: 1.393 Thread 0x00007fd9d00b2000  607       3       java.util.LinkedList$ListItr::next (56 bytes)
Event: 1.394 Thread 0x00007fd9d00b2000 nmethod 607 0x00007fd9c1286650 code [0x00007fd9c1286800, 0x00007fd9c1286d38]

GC Heap History (2 events):
Event: 1.127 GC heap before
{Heap before GC invocations=1 (full 0):
 PSYoungGen      total 36864K, used 31744K [0x00000000d7000000, 0x00000000d9900000, 0x0000000100000000)
  eden space 31744K, 100% used [0x00000000d7000000,0x00000000d8f00000,0x00000000d8f00000)
  from space 5120K, 0% used [0x00000000d9400000,0x00000000d9400000,0x00000000d9900000)
  to   space 5120K, 0% used [0x00000000d8f00000,0x00000000d8f00000,0x00000000d9400000)
 ParOldGen       total 84992K, used 0K [0x0000000085000000, 0x000000008a300000, 0x00000000d7000000)
  object space 84992K, 0% used [0x0000000085000000,0x0000000085000000,0x000000008a300000)
 Metaspace       used 7138K, capacity 7360K, committed 7424K, reserved 1056768K
  class space    used 930K, capacity 1024K, committed 1024K, reserved 1048576K
Event: 1.145 GC heap after
Heap after GC invocations=1 (full 0):
 PSYoungGen      total 36864K, used 4275K [0x00000000d7000000, 0x00000000db800000, 0x0000000100000000)
  eden space 31744K, 0% used [0x00000000d7000000,0x00000000d7000000,0x00000000d8f00000)
  from space 5120K, 83% used [0x00000000d8f00000,0x00000000d932cea0,0x00000000d9400000)
  to   space 5120K, 0% used [0x00000000db300000,0x00000000db300000,0x00000000db800000)
 ParOldGen       total 84992K, used 8K [0x0000000085000000, 0x000000008a300000, 0x00000000d7000000)
  object space 84992K, 0% used [0x0000000085000000,0x0000000085002000,0x000000008a300000)
 Metaspace       used 7138K, capacity 7360K, committed 7424K, reserved 1056768K
  class space    used 930K, capacity 1024K, committed 1024K, reserved 1048576K
}

Deoptimization events (1 events):
Event: 1.040 Thread 0x00007fd9d000a000 Uncommon trap: reason=unstable_if action=reinterpret pc=0x00007fd9c11b0824 method=java.lang.String.replace(CC)Ljava/lang/String; @ 26

Internal exceptions (10 events):
Event: 0.231 Thread 0x00007fd9d000a000 Exception <a 'java/security/PrivilegedActionException'> (0x00000000d71b05d8) thrown at [/build/openjdk-8-AbQ17_/openjdk-8-8u121-b13/src/hotspot/src/share/vm/prims/jvm.cpp, line 1390]
Event: 0.476 Thread 0x00007fd9d000a000 Exception <a 'java/lang/ArrayIndexOutOfBoundsException': 100> (0x00000000d775b400) thrown at [/build/openjdk-8-AbQ17_/openjdk-8-8u121-b13/src/hotspot/src/share/vm/interpreter/interpreterRuntime.cpp, line 366]
Event: 0.476 Thread 0x00007fd9d000a000 Exception <a 'java/lang/ArrayIndexOutOfBoundsException': 18> (0x00000000d775c318) thrown at [/build/openjdk-8-AbQ17_/openjdk-8-8u121-b13/src/hotspot/src/share/vm/interpreter/interpreterRuntime.cpp, line 366]
Event: 0.477 Thread 0x00007fd9d000a000 Exception <a 'java/lang/ArrayIndexOutOfBoundsException': 40> (0x00000000d775cf48) thrown at [/build/openjdk-8-AbQ17_/openjdk-8-8u121-b13/src/hotspot/src/share/vm/interpreter/interpreterRuntime.cpp, line 366]
Event: 0.673 Thread 0x00007fd9d000a000 Exception <a 'java/lang/ArrayIndexOutOfBoundsException'> (0x00000000d7b74890) thrown at [/build/openjdk-8-AbQ17_/openjdk-8-8u121-b13/src/hotspot/src/share/vm/runtime/sharedRuntime.cpp, line 605]
Event: 0.673 Thread 0x00007fd9d000a000 Exception <a 'java/lang/ArrayIndexOutOfBoundsException'> (0x00000000d7b75750) thrown at [/build/openjdk-8-AbQ17_/openjdk-8-8u121-b13/src/hotspot/src/share/vm/runtime/sharedRuntime.cpp, line 605]
Event: 1.000 Thread 0x00007fd9d000a000 Exception <a 'java/lang/ArrayIndexOutOfBoundsException'> (0x00000000d8515260) thrown at [/build/openjdk-8-AbQ17_/openjdk-8-8u121-b13/src/hotspot/src/share/vm/runtime/sharedRuntime.cpp, line 605]
Event: 1.000 Thread 0x00007fd9d000a000 Exception <a 'java/lang/ArrayIndexOutOfBoundsException'> (0x00000000d8516978) thrown at [/build/openjdk-8-AbQ17_/openjdk-8-8u121-b13/src/hotspot/src/share/vm/runtime/sharedRuntime.cpp, line 605]
Event: 1.000 Thread 0x00007fd9d000a000 Exception <a 'java/lang/ArrayIndexOutOfBoundsException'> (0x00000000d8517dc0) thrown at [/build/openjdk-8-AbQ17_/openjdk-8-8u121-b13/src/hotspot/src/share/vm/runtime/sharedRuntime.cpp, line 605]
Event: 1.000 Thread 0x00007fd9d000a000 Exception <a 'java/lang/ArrayIndexOutOfBoundsException'> (0x00000000d8519a60) thrown at [/build/openjdk-8-AbQ17_/openjdk-8-8u121-b13/src/hotspot/src/share/vm/runtime/sharedRuntime.cpp, line 605]

Events (10 events):
Event: 1.395 loading class org/gradle/api/reporting/components/internal/DiagnosticsServices$1
Event: 1.395 loading class org/gradle/api/reporting/components/internal/DiagnosticsServices$1 done
Event: 1.396 loading class org/gradle/api/reporting/components/internal/AbstractBinaryRenderer
Event: 1.396 loading class org/gradle/api/reporting/components/internal/AbstractBinaryRenderer done
Event: 1.399 loading class org/gradle/reporting/ReportRenderer
Event: 1.399 loading class org/gradle/reporting/ReportRenderer done
Event: 1.400 loading class org/gradle/api/reporting/components/internal/BinaryRenderer
Event: 1.400 loading class org/gradle/api/reporting/components/internal/BinaryRenderer done
Event: 1.400 loading class org/gradle/api/reporting/components/internal/TypeAwareBinaryRenderer
Event: 1.400 loading class org/gradle/api/reporting/components/internal/TypeAwareBinaryRenderer done


Dynamic libraries:
85000000-8a300000 rw-p 00000000 00:00 0 
8a300000-d7000000 ---p 00000000 00:00 0 
d7000000-db800000 rw-p 00000000 00:00 0 
db800000-100000000 ---p 00000000 00:00 0 
100000000-100120000 rw-p 00000000 00:00 0 
100120000-140000000 ---p 00000000 00:00 0 
56194a674000-56194a675000 r-xp 00000000 08:06 144700                     /usr/lib/jvm/java-8-openjdk-amd64/jre/bin/java
56194a874000-56194a875000 r--p 00000000 08:06 144700                     /usr/lib/jvm/java-8-openjdk-amd64/jre/bin/java
56194a875000-56194a876000 rw-p 00001000 08:06 144700                     /usr/lib/jvm/java-8-openjdk-amd64/jre/bin/java
56194b51d000-56194b7c7000 rw-p 00000000 00:00 0                          [heap]
7fd984000000-7fd984021000 rw-p 00000000 00:00 0 
7fd984021000-7fd988000000 ---p 00000000 00:00 0 
7fd988000000-7fd988021000 rw-p 00000000 00:00 0 
7fd988021000-7fd98c000000 ---p 00000000 00:00 0 
7fd98c000000-7fd98c1e4000 rw-p 00000000 00:00 0 
7fd98c1e4000-7fd990000000 ---p 00000000 00:00 0 
7fd990000000-7fd99026d000 rw-p 00000000 00:00 0 
7fd99026d000-7fd994000000 ---p 00000000 00:00 0 
7fd994000000-7fd994021000 rw-p 00000000 00:00 0 
7fd994021000-7fd998000000 ---p 00000000 00:00 0 
7fd998000000-7fd9981e5000 rw-p 00000000 00:00 0 
7fd9981e5000-7fd99c000000 ---p 00000000 00:00 0 
7fd99c000000-7fd99c021000 rw-p 00000000 00:00 0 
7fd99c021000-7fd9a0000000 ---p 00000000 00:00 0 
7fd9a0000000-7fd9a0021000 rw-p 00000000 00:00 0 
7fd9a0021000-7fd9a4000000 ---p 00000000 00:00 0 
7fd9a4000000-7fd9a4021000 rw-p 00000000 00:00 0 
7fd9a4021000-7fd9a8000000 ---p 00000000 00:00 0 
7fd9a8000000-7fd9a8021000 rw-p 00000000 00:00 0 
7fd9a8021000-7fd9ac000000 ---p 00000000 00:00 0 
7fd9ac000000-7fd9ac021000 rw-p 00000000 00:00 0 
7fd9ac021000-7fd9b0000000 ---p 00000000 00:00 0 
7fd9b345a000-7fd9b345c000 r--s 00007000 08:04 4311142                    /home/andrew/.gradle/wrapper/dists/gradle-2.14.1-all/4cj8p00t3e5ni9e8iofg8ghvk7/gradle-2.14.1/lib/plugins/gradle-tooling-api-builders-2.14.1.jar
7fd9b345c000-7fd9b345f000 r--s 00008000 08:04 4311135                    /home/andrew/.gradle/wrapper/dists/gradle-2.14.1-all/4cj8p00t3e5ni9e8iofg8ghvk7/gradle-2.14.1/lib/plugins/gradle-testing-native-2.14.1.jar
7fd9b345f000-7fd9b3461000 r--s 00009000 08:04 4311214                    /home/andrew/.gradle/wrapper/dists/gradle-2.14.1-all/4cj8p00t3e5ni9e8iofg8ghvk7/gradle-2.14.1/lib/plugins/hamcrest-core-1.3.jar
7fd9b3461000-7fd9b3467000 r--s 00033000 08:04 4311208                    /home/andrew/.gradle/wrapper/dists/gradle-2.14.1-all/4cj8p00t3e5ni9e8iofg8ghvk7/gradle-2.14.1/lib/plugins/snakeyaml-1.6.jar
7fd9b3467000-7fd9b3469000 r--s 00006000 08:04 4311207                    /home/andrew/.gradle/wrapper/dists/gradle-2.14.1-all/4cj8p00t3e5ni9e8iofg8ghvk7/gradle-2.14.1/lib/plugins/jcommander-1.12.jar
7fd9b3469000-7fd9b346e000 r--s 00040000 08:04 4311206                    /home/andrew/.gradle/wrapper/dists/gradle-2.14.1-all/4cj8p00t3e5ni9e8iofg8ghvk7/gradle-2.14.1/lib/plugins/bsh-2.0b4.jar
7fd9b346e000-7fd9b3477000 r--s 00089000 08:04 4311165                    /home/andrew/.gradle/wrapper/dists/gradle-2.14.1-all/4cj8p00t3e5ni9e8iofg8ghvk7/gradle-2.14.1/lib/plugins/testng-6.3.1.jar
7fd9b3477000-7fd9b347f000 r--s 00045000 08:04 4311164                    /home/andrew/.gradle/wrapper/dists/gradle-2.14.1-all/4cj8p00t3e5ni9e8iofg8ghvk7/gradle-2.14.1/lib/plugins/junit-4.12.jar
7fd9b347f000-7fd9b3485000 r--s 0002e000 08:04 4311136                    /home/andrew/.gradle/wrapper/dists/gradle-2.14.1-all/4cj8p00t3e5ni9e8iofg8ghvk7/gradle-2.14.1/lib/plugins/gradle-testing-jvm-2.14.1.jar
7fd9b3485000-7fd9b348a000 r--s 00015000 08:04 4311134                    /home/andrew/.gradle/wrapper/dists/gradle-2.14.1-all/4cj8p00t3e5ni9e8iofg8ghvk7/gradle-2.14.1/lib/plugins/gradle-testing-base-2.14.1.jar
7fd9b348a000-7fd9b348b000 r--s 00002000 08:04 4311158                    /home/andrew/.gradle/wrapper/dists/gradle-2.14.1-all/4cj8p00t3e5ni9e8iofg8ghvk7/gradle-2.14.1/lib/plugins/sonar-batch-bootstrapper-2.9.jar
7fd9b348b000-7fd9b348e000 r--s 00015000 08:04 4311112                    /home/andrew/.gradle/wrapper/dists/gradle-2.14.1-all/4cj8p00t3e5ni9e8iofg8ghvk7/gradle-2.14.1/lib/plugins/gradle-sonar-2.14.1.jar
7fd9b348e000-7fd9b3495000 r--s 00038000 08:04 4311159                    /home/andrew/.gradle/wrapper/dists/gradle-2.14.1-all/4cj8p00t3e5ni9e8iofg8ghvk7/gradle-2.14.1/lib/plugins/bcpg-jdk15on-1.51.jar
7fd9b3495000-7fd9b3497000 r--s 0000d000 08:04 4311113                    /home/andrew/.gradle/wrapper/dists/gradle-2.14.1-all/4cj8p00t3e5ni9e8iofg8ghvk7/gradle-2.14.1/lib/plugins/gradle-signing-2.14.1.jar
7fd9b3497000-7fd9b349a000 r--s 00009000 08:04 4311111                    /home/andrew/.gradle/wrapper/dists/gradle-2.14.1-all/4cj8p00t3e5ni9e8iofg8ghvk7/gradle-2.14.1/lib/plugins/gradle-scala-2.14.1.jar
7fd9b349a000-7fd9b349b000 r--s 00004000 08:04 4311140                    /home/andrew/.gradle/wrapper/dists/gradle-2.14.1-all/4cj8p00t3e5ni9e8iofg8ghvk7/gradle-2.14.1/lib/plugins/gradle-resources-sftp-2.14.1.jar
7fd9b349b000-7fd9b34ab000 r--s 00088000 08:04 4311175                    /home/andrew/.gradle/wrapper/dists/gradle-2.14.1-all/4cj8p00t3e5ni9e8iofg8ghvk7/gradle-2.14.1/lib/plugins/joda-time-2.8.2.jar
7fd9b34ab000-7fd9b34bc000 r--s 000cf000 08:04 4311174                    /home/andrew/.gradle/wrapper/dists/gradle-2.14.1-all/4cj8p00t3e5ni9e8iofg8ghvk7/gradle-2.14.1/lib/plugins/jackson-databind-2.3.2.jar
7fd9b34bc000-7fd9b34be000 r--s 00007000 08:04 4311173                    /home/andrew/.gradle/wrapper/dists/gradle-2.14.1-all/4cj8p00t3e5ni9e8iofg8ghvk7/gradle-2.14.1/lib/plugins/jackson-annotations-2.3.2.jar
7fd9b34be000-7fd9b34c1000 r--s 0002e000 08:04 4311172                    /home/andrew/.gradle/wrapper/dists/gradle-2.14.1-all/4cj8p00t3e5ni9e8iofg8ghvk7/gradle-2.14.1/lib/plugins/jackson-core-2.3.2.jar
7fd9b34c1000-7fd9b34cc000 r--s 0006b000 08:04 4311171                    /home/andrew/.gradle/wrapper/dists/gradle-2.14.1-all/4cj8p00t3e5ni9e8iofg8ghvk7/gradle-2.14.1/lib/plugins/aws-java-sdk-core-1.9.19.jar
7fd9b34cc000-7fd9b34d2000 r--s 00036000 08:04 4311170                    /home/andrew/.gradle/wrapper/dists/gradle-2.14.1-all/4cj8p00t3e5ni9e8iofg8ghvk7/gradle-2.14.1/lib/plugins/aws-java-sdk-kms-1.9.19.jar
7fd9b34d2000-7fd9b34dd000 r--s 00079000 08:04 4311169                    /home/andrew/.gradle/wrapper/dists/gradle-2.14.1-all/4cj8p00t3e5ni9e8iofg8ghvk7/gradle-2.14.1/lib/plugins/aws-java-sdk-s3-1.9.19.jar
7fd9b34dd000-7fd9b34de000 r--s 00003000 08:04 4311141                    /home/andrew/.gradle/wrapper/dists/gradle-2.14.1-all/4cj8p00t3e5ni9e8iofg8ghvk7/gradle-2.14.1/lib/plugins/gradle-resources-s3-2.14.1.jar
7fd9b34de000-7fd9b34e0000 r--s 00005000 08:04 4311163                    /home/andrew/.gradle/wrapper/dists/gradle-2.14.1-all/4cj8p00t3e5ni9e8iofg8ghvk7/gradle-2.14.1/lib/plugins/jatl-0.2.2.jar
7fd9b34e0000-7fd9b34e2000 r--s 0000f000 08:04 4311118                    /home/andrew/.gradle/wrapper/dists/gradle-2.14.1-all/4cj8p00t3e5ni9e8iofg8ghvk7/gradle-2.14.1/lib/plugins/gradle-reporting-2.14.1.jar
7fd9b34e2000-7fd9b34e4000 r--s 00002000 08:04 4311119                    /home/andrew/.gradle/wrapper/dists/gradle-2.14.1-all/4cj8p00t3e5ni9e8iofg8ghvk7/gradle-2.14.1/lib/plugins/gradle-publish-2.14.1.jar
7fd9b34e4000-7fd9b34e6000 r--s 00009000 08:04 4311145                    /home/andrew/.gradle/wrapper/dists/gradle-2.14.1-all/4cj8p00t3e5ni9e8iofg8ghvk7/gradle-2.14.1/lib/plugins/commons-cli-1.2.jar
7fd9b34e6000-7fd9b34ec000 r--s 00033000 08:04 4311103                    /home/andrew/.gradle/wrapper/dists/gradle-2.14.1-all/4cj8p00t3e5ni9e8iofg8ghvk7/gradle-2.14.1/lib/plugins/gradle-plugins-2.14.1.jar
7fd9b34ec000-7fd9b34ee000 r--s 00007000 08:04 4311137                    /home/andrew/.gradle/wrapper/dists/gradle-2.14.1-all/4cj8p00t3e5ni9e8iofg8ghvk7/gradle-2.14.1/lib/plugins/gradle-plugin-development-2.14.1.jar
7fd9b34ee000-7fd9b34f4000 r--s 0002a000 08:04 4311130                    /home/andrew/.gradle/wrapper/dists/gradle-2.14.1-all/4cj8p00t3e5ni9e8iofg8ghvk7/gradle-2.14.1/lib/plugins/gradle-platform-play-2.14.1.jar
7fd9b34f4000-7fd9b3501000 r--s 0004d000 08:04 4311129                    /home/andrew/.gradle/wrapper/dists/gradle-2.14.1-all/4cj8p00t3e5ni9e8iofg8ghvk7/gradle-2.14.1/lib/plugins/gradle-platform-native-2.14.1.jar
7fd9b3501000-7fd9b3505000 r--s 0001a000 08:04 4311124                    /home/andrew/.gradle/wrapper/dists/gradle-2.14.1-all/4cj8p00t3e5ni9e8iofg8ghvk7/gradle-2.14.1/lib/plugins/gradle-platform-jvm-2.14.1.jar
7fd9b3505000-7fd9b350c000 r--s 00029000 08:04 4311123                    /home/andrew/.gradle/wrapper/dists/gradle-2.14.1-all/4cj8p00t3e5ni9e8iofg8ghvk7/gradle-2.14.1/lib/plugins/gradle-platform-base-2.14.1.jar
7fd9b350c000-7fd9b352d000 r--s 001c3000 08:04 4311153                    /home/andrew/.gradle/wrapper/dists/gradle-2.14.1-all/4cj8p00t3e5ni9e8iofg8ghvk7/gradle-2.14.1/lib/plugins/bndlib-2.4.0.jar
7fd9b352d000-7fd9b352f000 r--s 00003000 08:04 4311107                    /home/andrew/.gradle/wrapper/dists/gradle-2.14.1-all/4cj8p00t3e5ni9e8iofg8ghvk7/gradle-2.14.1/lib/plugins/gradle-osgi-2.14.1.jar
7fd9b352f000-7fd9b3532000 r--s 0000c000 08:04 4311156                    /home/andrew/.gradle/wrapper/dists/gradle-2.14.1-all/4cj8p00t3e5ni9e8iofg8ghvk7/gradle-2.14.1/lib/plugins/pmaven-groovy-0.8-20100325.jar
7fd9b3532000-7fd9b3533000 r--s 00004000 08:04 4311155                    /home/andrew/.gradle/wrapper/dists/gradle-2.14.1-all/4cj8p00t3e5ni9e8iofg8ghvk7/gradle-2.14.1/lib/plugins/pmaven-common-0.8-20100325.jar
7fd9b3533000-7fd9b3539000 r--s 00022000 08:04 4311108                    /home/andrew/.gradle/wrapper/dists/gradle-2.14.1-all/4cj8p00t3e5ni9e8iofg8ghvk7/gradle-2.14.1/lib/plugins/gradle-maven-2.14.1.jar
7fd9b3539000-7fd9b353b000 r--s 0000a000 08:04 4311128                    /home/andrew/.gradle/wrapper/dists/gradle-2.14.1-all/4cj8p00t3e5ni9e8iofg8ghvk7/gradle-2.14.1/lib/plugins/gradle-language-scala-2.14.1.jar
7fd9b353b000-7fd9b3541000 r--s 0001a000 08:04 4311132                    /home/andrew/.gradle/wrapper/dists/gradle-2.14.1-all/4cj8p00t3e5ni9e8iofg8ghvk7/gradle-2.14.1/lib/plugins/gradle-language-native-2.14.1.jar
7fd9b3541000-7fd9b3543000 r--s 00008000 08:04 4311125                    /home/andrew/.gradle/wrapper/dists/gradle-2.14.1-all/4cj8p00t3e5ni9e8iofg8ghvk7/gradle-2.14.1/lib/plugins/gradle-language-jvm-2.14.1.jar
7fd9b3543000-7fd9b3549000 r--s 00024000 08:04 4311126                    /home/andrew/.gradle/wrapper/dists/gradle-2.14.1-all/4cj8p00t3e5ni9e8iofg8ghvk7/gradle-2.14.1/lib/plugins/gradle-language-java-2.14.1.jar
7fd9b3549000-7fd9b354b000 r--s 0000a000 08:04 4311127                    /home/andrew/.gradle/wrapper/dists/gradle-2.14.1-all/4cj8p00t3e5ni9e8iofg8ghvk7/gradle-2.14.1/lib/plugins/gradle-language-groovy-2.14.1.jar
7fd9b354b000-7fd9b354e000 r--s 0001e000 08:04 4311181                    /home/andrew/.gradle/wrapper/dists/gradle-2.14.1-all/4cj8p00t3e5ni9e8iofg8ghvk7/gradle-2.14.1/lib/plugins/jsp-api-2.1-6.1.14.jar
7fd9b354e000-7fd9b3571000 r--s 00344000 08:04 4311180                    /home/andrew/.gradle/wrapper/dists/gradle-2.14.1-all/4cj8p00t3e5ni9e8iofg8ghvk7/gradle-2.14.1/lib/plugins/core-3.1.1.jar
7fd9b3571000-7fd9b3572000 r--s 00006000 08:04 4311179                    /home/andrew/.gradle/wrapper/dists/gradle-2.14.1-all/4cj8p00t3e5ni9e8iofg8ghvk7/gradle-2.14.1/lib/plugins/jetty-naming-6.1.25.jar
7fd9b3572000-7fd9b3573000 r--s 00002000 08:04 4311152                    /home/andrew/.gradle/wrapper/dists/gradle-2.14.1-all/4cj8p00t3e5ni9e8iofg8ghvk7/gradle-2.14.1/lib/plugins/geronimo-annotation_1.0_spec-1.0.jar
7fd9b3573000-7fd9b3575000 r--s 00002000 08:04 4311151                    /home/andrew/.gradle/wrapper/dists/gradle-2.14.1-all/4cj8p00t3e5ni9e8iofg8ghvk7/gradle-2.14.1/lib/plugins/jetty-annotations-6.1.25.jar
7fd9b3575000-7fd9b3586000 r--s 000ea000 08:04 4311150                    /home/andrew/.gradle/wrapper/dists/gradle-2.14.1-all/4cj8p00t3e5ni9e8iofg8ghvk7/gradle-2.14.1/lib/plugins/jsp-2.1-6.1.14.jar
7fd9b3586000-7fd9b3588000 r--s 0000d000 08:04 4311149                    /home/andrew/.gradle/wrapper/dists/gradle-2.14.1-all/4cj8p00t3e5ni9e8iofg8ghvk7/gradle-2.14.1/lib/plugins/jetty-plus-6.1.25.jar
7fd9b3588000-7fd9b358a000 r--s 0001f000 08:04 4311148                    /home/andrew/.gradle/wrapper/dists/gradle-2.14.1-all/4cj8p00t3e5ni9e8iofg8ghvk7/gradle-2.14.1/lib/plugins/servlet-api-2.5-20081211.jar
7fd9b358a000-7fd9b358e000 r--s 00028000 08:04 4311147                    /home/andrew/.gradle/wrapper/dists/gradle-2.14.1-all/4cj8p00t3e5ni9e8iofg8ghvk7/gradle-2.14.1/lib/plugins/jetty-util-6.1.25.jar
7fd9b358e000-7fd9b3595000 r--s 0007d000 08:04 4311146                    /home/andrew/.gradle/wrapper/dists/gradle-2.14.1-all/4cj8p00t3e5ni9e8iofg8ghvk7/gradle-2.14.1/lib/plugins/jetty-6.1.25.jar
7fd9b3595000-7fd9b3597000 r--s 00009000 08:04 4311105                    /home/andrew/.gradle/wrapper/dists/gradle-2.14.1-all/4cj8p00t3e5ni9e8iofg8ghvk7/gradle-2.14.1/lib/plugins/gradle-jetty-2.14.1.jar
7fd9b3597000-7fd9b35a3000 r--s 00100000 08:04 4311160                    /home/andrew/.gradle/wrapper/dists/gradle-2.14.1-all/4cj8p00t3e5ni9e8iofg8ghvk7/gradle-2.14.1/lib/plugins/rhino-1.7R3.jar
7fd9b35a3000-7fd9b35ac000 r-xp 00000000 08:06 144734                     /usr/lib/jvm/java-8-openjdk-amd64/jre/lib/amd64/libmanagement.so
7fd9b35ac000-7fd9b37ab000 ---p 00009000 08:06 144734                     /usr/lib/jvm/java-8-openjdk-amd64/jre/lib/amd64/libmanagement.so
7fd9b37ab000-7fd9b37ac000 r--p 00008000 08:06 144734                     /usr/lib/jvm/java-8-openjdk-amd64/jre/lib/amd64/libmanagement.so
7fd9b37ac000-7fd9b37ad000 rw-p 00009000 08:06 144734                     /usr/lib/jvm/java-8-openjdk-amd64/jre/lib/amd64/libmanagement.so
7fd9b37ad000-7fd9b37d2000 r-xp 00000000 08:06 661007                     /lib/x86_64-linux-gnu/libtinfo.so.5.9
7fd9b37d2000-7fd9b39d1000 ---p 00025000 08:06 661007                     /lib/x86_64-linux-gnu/libtinfo.so.5.9
7fd9b39d1000-7fd9b39d5000 r--p 00024000 08:06 661007                     /lib/x86_64-linux-gnu/libtinfo.so.5.9
7fd9b39d5000-7fd9b39d6000 rw-p 00028000 08:06 661007                     /lib/x86_64-linux-gnu/libtinfo.so.5.9
7fd9b39d6000-7fd9b39f7000 r-xp 00000000 08:06 660916                     /lib/x86_64-linux-gnu/libncurses.so.5.9
7fd9b39f7000-7fd9b3bf6000 ---p 00021000 08:06 660916                     /lib/x86_64-linux-gnu/libncurses.so.5.9
7fd9b3bf6000-7fd9b3bf7000 r--p 00020000 08:06 660916                     /lib/x86_64-linux-gnu/libncurses.so.5.9
7fd9b3bf7000-7fd9b3bf8000 rw-p 00021000 08:06 660916                     /lib/x86_64-linux-gnu/libncurses.so.5.9
7fd9b3bf8000-7fd9b3bfb000 r-xp 00000000 08:04 2743676                    /home/andrew/.gradle/native/19/linux-amd64/libnative-platform-curses.so
7fd9b3bfb000-7fd9b3dfb000 ---p 00003000 08:04 2743676                    /home/andrew/.gradle/native/19/linux-amd64/libnative-platform-curses.so
7fd9b3dfb000-7fd9b3dfc000 rw-p 00003000 08:04 2743676                    /home/andrew/.gradle/native/19/linux-amd64/libnative-platform-curses.so
7fd9b3dfc000-7fd9b3e00000 r-xp 00000000 08:04 2742445                    /home/andrew/.gradle/native/19/linux-amd64/libnative-platform.so
7fd9b3e00000-7fd9b3fff000 ---p 00004000 08:04 2742445                    /home/andrew/.gradle/native/19/linux-amd64/libnative-platform.so
7fd9b3fff000-7fd9b4000000 rw-p 00003000 08:04 2742445                    /home/andrew/.gradle/native/19/linux-amd64/libnative-platform.so
7fd9b4000000-7fd9b4021000 rw-p 00000000 00:00 0 
7fd9b4021000-7fd9b8000000 ---p 00000000 00:00 0 
7fd9b8000000-7fd9b8007000 r--s 00035000 08:04 4311162                    /home/andrew/.gradle/wrapper/dists/gradle-2.14.1-all/4cj8p00t3e5ni9e8iofg8ghvk7/gradle-2.14.1/lib/plugins/simple-4.1.21.jar
7fd9b8007000-7fd9b800b000 r--s 00011000 08:04 4311115                    /home/andrew/.gradle/wrapper/dists/gradle-2.14.1-all/4cj8p00t3e5ni9e8iofg8ghvk7/gradle-2.14.1/lib/plugins/gradle-javascript-2.14.1.jar
7fd9b800b000-7fd9b800d000 r--s 0000c000 08:04 4311121                    /home/andrew/.gradle/wrapper/dists/gradle-2.14.1-all/4cj8p00t3e5ni9e8iofg8ghvk7/gradle-2.14.1/lib/plugins/gradle-jacoco-2.14.1.jar
7fd9b800d000-7fd9b8010000 r--s 0000e000 08:04 4311120                    /home/andrew/.gradle/wrapper/dists/gradle-2.14.1-all/4cj8p00t3e5ni9e8iofg8ghvk7/gradle-2.14.1/lib/plugins/gradle-ivy-2.14.1.jar
7fd9b8010000-7fd9b8011000 r--s 00002000 08:04 4311131                    /home/andrew/.gradle/wrapper/dists/gradle-2.14.1-all/4cj8p00t3e5ni9e8iofg8ghvk7/gradle-2.14.1/lib/plugins/gradle-ide-play-2.14.1.jar
7fd9b8011000-7fd9b8016000 r--s 0002b000 08:04 4311133                    /home/andrew/.gradle/wrapper/dists/gradle-2.14.1-all/4cj8p00t3e5ni9e8iofg8ghvk7/gradle-2.14.1/lib/plugins/gradle-ide-native-2.14.1.jar
7fd9b8016000-7fd9b8021000 r--s 00066000 08:04 4311109                    /home/andrew/.gradle/wrapper/dists/gradle-2.14.1-all/4cj8p00t3e5ni9e8iofg8ghvk7/gradle-2.14.1/lib/plugins/gradle-ide-2.14.1.jar
7fd9b8021000-7fd9b8027000 r--s 00032000 08:04 4311117                    /home/andrew/.gradle/wrapper/dists/gradle-2.14.1-all/4cj8p00t3e5ni9e8iofg8ghvk7/gradle-2.14.1/lib/plugins/gradle-diagnostics-2.14.1.jar
7fd9b8027000-7fd9b802b000 r--s 00021000 08:04 4311104                    /home/andrew/.gradle/wrapper/dists/gradle-2.14.1-all/4cj8p00t3e5ni9e8iofg8ghvk7/gradle-2.14.1/lib/plugins/gradle-code-quality-2.14.1.jar
7fd9b802b000-7fd9b802f000 r--s 0001f000 08:04 4311122                    /home/andrew/.gradle/wrapper/dists/gradle-2.14.1-all/4cj8p00t3e5ni9e8iofg8ghvk7/gradle-2.14.1/lib/plugins/gradle-build-init-2.14.1.jar
7fd9b802f000-7fd9b8036000 r--s 0008e000 08:04 4311116                    /home/andrew/.gradle/wrapper/dists/gradle-2.14.1-all/4cj8p00t3e5ni9e8iofg8ghvk7/gradle-2.14.1/lib/plugins/gradle-build-comparison-2.14.1.jar
7fd9b8036000-7fd9b8038000 r--s 00008000 08:04 4311106                    /home/andrew/.gradle/wrapper/dists/gradle-2.14.1-all/4cj8p00t3e5ni9e8iofg8ghvk7/gradle-2.14.1/lib/plugins/gradle-antlr-2.14.1.jar
7fd9b8038000-7fd9b803a000 r--s 00004000 08:04 4311110                    /home/andrew/.gradle/wrapper/dists/gradle-2.14.1-all/4cj8p00t3e5ni9e8iofg8ghvk7/gradle-2.14.1/lib/plugins/gradle-announce-2.14.1.jar
7fd9b803a000-7fd9b8052000 r--s 00115000 08:04 4311211                    /home/andrew/.gradle/wrapper/dists/gradle-2.14.1-all/4cj8p00t3e5ni9e8iofg8ghvk7/gradle-2.14.1/lib/plugins/xercesImpl-2.9.1.jar
7fd9b8052000-7fd9b805a000 r--s 00028000 08:04 4311212                    /home/andrew/.gradle/wrapper/dists/gradle-2.14.1-all/4cj8p00t3e5ni9e8iofg8ghvk7/gradle-2.14.1/lib/plugins/xml-apis-1.3.04.jar
7fd9b805a000-7fd9b8060000 r--s 0005b000 08:04 4311210                    /home/andrew/.gradle/wrapper/dists/gradle-2.14.1-all/4cj8p00t3e5ni9e8iofg8ghvk7/gradle-2.14.1/lib/plugins/jcifs-1.3.17.jar
7fd9b8060000-7fd9b8067000 r--s 00049000 08:04 4311209                    /home/andrew/.gradle/wrapper/dists/gradle-2.14.1-all/4cj8p00t3e5ni9e8iofg8ghvk7/gradle-2.14.1/lib/plugins/httpcore-4.4.4.jar
7fd9b8067000-7fd9b806d000 r--s 00033000 08:04 4311157                    /home/andrew/.gradle/wrapper/dists/gradle-2.14.1-all/4cj8p00t3e5ni9e8iofg8ghvk7/gradle-2.14.1/lib/plugins/commons-codec-1.6.jar
7fd9b806d000-7fd9b807e000 r-xp 00000000 08:06 144737                     /usr/lib/jvm/java-8-openjdk-amd64/jre/lib/amd64/libnio.so
7fd9b807e000-7fd9b827e000 ---p 00011000 08:06 144737                     /usr/lib/jvm/java-8-openjdk-amd64/jre/lib/amd64/libnio.so
7fd9b827e000-7fd9b827f000 r--p 00011000 08:06 144737                     /usr/lib/jvm/java-8-openjdk-amd64/jre/lib/amd64/libnio.so
7fd9b827f000-7fd9b8280000 rw-p 00012000 08:06 144737                     /usr/lib/jvm/java-8-openjdk-amd64/jre/lib/amd64/libnio.so
7fd9b8280000-7fd9bc000000 rw-p 00000000 00:00 0 
7fd9bc000000-7fd9bc021000 rw-p 00000000 00:00 0 
7fd9bc021000-7fd9c0000000 ---p 00000000 00:00 0 
7fd9c0000000-7fd9c0001000 r--s 00008000 08:04 4311114                    /home/andrew/.gradle/wrapper/dists/gradle-2.14.1-all/4cj8p00t3e5ni9e8iofg8ghvk7/gradle-2.14.1/lib/plugins/gradle-ear-2.14.1.jar
7fd9c0001000-7fd9c0004000 r--s 0001c000 08:04 4311167                    /home/andrew/.gradle/wrapper/dists/gradle-2.14.1-all/4cj8p00t3e5ni9e8iofg8ghvk7/gradle-2.14.1/lib/plugins/nekohtml-1.9.14.jar
7fd9c0004000-7fd9c0011000 r--s 000a4000 08:04 4311166                    /home/andrew/.gradle/wrapper/dists/gradle-2.14.1-all/4cj8p00t3e5ni9e8iofg8ghvk7/gradle-2.14.1/lib/plugins/httpclient-4.4.1.jar
7fd9c0011000-7fd9c0013000 r--s 0000a000 08:04 4311139                    /home/andrew/.gradle/wrapper/dists/gradle-2.14.1-all/4cj8p00t3e5ni9e8iofg8ghvk7/gradle-2.14.1/lib/plugins/gradle-resources-http-2.14.1.jar
7fd9c0013000-7fd9c0017000 r--s 00014000 08:04 4311138                    /home/andrew/.gradle/wrapper/dists/gradle-2.14.1-all/4cj8p00t3e5ni9e8iofg8ghvk7/gradle-2.14.1/lib/plugins/gradle-plugin-use-2.14.1.jar
7fd9c0017000-7fd9c0018000 r--s 00000000 08:04 4311054                    /home/andrew/.gradle/wrapper/dists/gradle-2.14.1-all/4cj8p00t3e5ni9e8iofg8ghvk7/gradle-2.14.1/lib/gradle-installation-beacon-2.14.1.jar
7fd9c0018000-7fd9c0019000 r--s 00007000 08:04 4311205                    /home/andrew/.gradle/wrapper/dists/gradle-2.14.1-all/4cj8p00t3e5ni9e8iofg8ghvk7/gradle-2.14.1/lib/plugins/wagon-http-shared4-2.4.jar
7fd9c0019000-7fd9c001d000 r--s 00033000 08:04 4311204                    /home/andrew/.gradle/wrapper/dists/gradle-2.14.1-all/4cj8p00t3e5ni9e8iofg8ghvk7/gradle-2.14.1/lib/plugins/plexus-utils-2.0.6.jar
7fd9c001d000-7fd9c0021000 r--s 00021000 08:04 4311203                    /home/andrew/.gradle/wrapper/dists/gradle-2.14.1-all/4cj8p00t3e5ni9e8iofg8ghvk7/gradle-2.14.1/lib/plugins/maven-model-builder-3.0.4.jar
7fd9c0021000-7fd9c0022000 r--s 00002000 08:04 4311202                    /home/andrew/.gradle/wrapper/dists/gradle-2.14.1-all/4cj8p00t3e5ni9e8iofg8ghvk7/gradle-2.14.1/lib/plugins/wagon-file-2.4.jar
7fd9c0022000-7fd9c0024000 r--s 00002000 08:04 4311201                    /home/andrew/.gradle/wrapper/dists/gradle-2.14.1-all/4cj8p00t3e5ni9e8iofg8ghvk7/gradle-2.14.1/lib/plugins/plexus-cipher-1.7.jar
7fd9c0024000-7fd9c0027000 r--s 00013000 08:04 4311200                    /home/andrew/.gradle/wrapper/dists/gradle-2.14.1-all/4cj8p00t3e5ni9e8iofg8ghvk7/gradle-2.14.1/lib/plugins/aether-api-1.13.1.jar
7fd9c0027000-7fd9c0029000 r--s 0000a000 08:04 4311199                    /home/andrew/.gradle/wrapper/dists/gradle-2.14.1-all/4cj8p00t3e5ni9e8iofg8ghvk7/gradle-2.14.1/lib/plugins/maven-settings-3.0.4.jar
7fd9c0029000-7fd9c002b000 r--s 0000d000 08:04 4311198                    /home/andrew/.gradle/wrapper/dists/gradle-2.14.1-all/4cj8p00t3e5ni9e8iofg8ghvk7/gradle-2.14.1/lib/plugins/plexus-interpolation-1.14.jar
7fd9c002b000-7fd9c002d000 r--s 0000b000 08:04 4311197                    /home/andrew/.gradle/wrapper/dists/gradle-2.14.1-all/4cj8p00t3e5ni9e8iofg8ghvk7/gradle-2.14.1/lib/plugins/maven-artifact-3.0.4.jar
7fd9c002d000-7fd9c0034000 r--s 0002e000 08:04 4311196                    /home/andrew/.gradle/wrapper/dists/gradle-2.14.1-all/4cj8p00t3e5ni9e8iofg8ghvk7/gradle-2.14.1/lib/plugins/plexus-container-default-1.5.5.jar
7fd9c0034000-7fd9c0036000 r--s 0000b000 08:04 4311195                    /home/andrew/.gradle/wrapper/dists/gradle-2.14.1-all/4cj8p00t3e5ni9e8iofg8ghvk7/gradle-2.14.1/lib/plugins/maven-plugin-api-3.0.4.jar
7fd9c0036000-7fd9c0038000 r--s 00000000 08:04 4311213                    /home/andrew/.gradle/wrapper/dists/gradle-2.14.1-all/4cj8p00t3e5ni9e8iofg8ghvk7/gradle-2.14.1/lib/plugins/plexus-component-annotations-1.5.5.jar
7fd9c0038000-7fd9c003e000 r--s 0003f000 08:04 4311194                    /home/andrew/.gradle/wrapper/dists/gradle-2.14.1-all/4cj8p00t3e5ni9e8iofg8ghvk7/gradle-2.14.1/lib/plugins/maven-compat-3.0.4.jar
7fd9c003e000-7fd9c0041000 r--s 00008000 08:04 4311193                    /home/andrew/.gradle/wrapper/dists/gradle-2.14.1-all/4cj8p00t3e5ni9e8iofg8ghvk7/gradle-2.14.1/lib/plugins/maven-settings-builder-3.0.4.jar
7fd9c0041000-7fd9c0042000 r--s 00002000 08:04 4311192                    /home/andrew/.gradle/wrapper/dists/gradle-2.14.1-all/4cj8p00t3e5ni9e8iofg8ghvk7/gradle-2.14.1/lib/plugins/wagon-http-2.4.jar
7fd9c0042000-7fd9c0044000 r--s 00026000 08:04 4311191                    /home/andrew/.gradle/wrapper/dists/gradle-2.14.1-all/4cj8p00t3e5ni9e8iofg8ghvk7/gradle-2.14.1/lib/plugins/maven-model-3.0.4.jar
7fd9c0044000-7fd9c0046000 r--s 00006000 08:04 4311190                    /home/andrew/.gradle/wrapper/dists/gradle-2.14.1-all/4cj8p00t3e5ni9e8iofg8ghvk7/gradle-2.14.1/lib/plugins/aether-connector-wagon-1.13.1.jar
7fd9c0046000-7fd9c0048000 r--s 0000a000 08:04 4311189                    /home/andrew/.gradle/wrapper/dists/gradle-2.14.1-all/4cj8p00t3e5ni9e8iofg8ghvk7/gradle-2.14.1/lib/plugins/plexus-classworlds-2.4.jar
7fd9c0048000-7fd9c004a000 r--s 00006000 08:04 4311188                    /home/andrew/.gradle/wrapper/dists/gradle-2.14.1-all/4cj8p00t3e5ni9e8iofg8ghvk7/gradle-2.14.1/lib/plugins/maven-repository-metadata-3.0.4.jar
7fd9c004a000-7fd9c004c000 r--s 0000c000 08:04 4311187                    /home/andrew/.gradle/wrapper/dists/gradle-2.14.1-all/4cj8p00t3e5ni9e8iofg8ghvk7/gradle-2.14.1/lib/plugins/maven-aether-provider-3.0.4.jar
7fd9c004c000-7fd9c004e000 r--s 0000b000 08:04 4311186                    /home/andrew/.gradle/wrapper/dists/gradle-2.14.1-all/4cj8p00t3e5ni9e8iofg8ghvk7/gradle-2.14.1/lib/plugins/wagon-provider-api-2.4.jar
7fd9c004e000-7fd9c004f000 r--s 00003000 08:04 4311185                    /home/andrew/.gradle/wrapper/dists/gradle-2.14.1-all/4cj8p00t3e5ni9e8iofg8ghvk7/gradle-2.14.1/lib/plugins/aether-spi-1.13.1.jar
7fd9c004f000-7fd9c0053000 r--s 0001c000 08:04 4311184                    /home/andrew/.gradle/wrapper/dists/gradle-2.14.1-all/4cj8p00t3e5ni9e8iofg8ghvk7/gradle-2.14.1/lib/plugins/aether-util-1.13.1.jar
7fd9c0053000-7fd9c0056000 r--s 0001d000 08:04 4311183                    /home/andrew/.gradle/wrapper/dists/gradle-2.14.1-all/4cj8p00t3e5ni9e8iofg8ghvk7/gradle-2.14.1/lib/plugins/aether-impl-1.13.1.jar
7fd9c0056000-7fd9c0057000 r--s 00006000 08:04 4311182                    /home/andrew/.gradle/wrapper/dists/gradle-2.14.1-all/4cj8p00t3e5ni9e8iofg8ghvk7/gradle-2.14.1/lib/plugins/plexus-sec-dispatcher-1.3.jar
7fd9c0057000-7fd9c005c000 r--s 00040000 08:04 4311168                    /home/andrew/.gradle/wrapper/dists/gradle-2.14.1-all/4cj8p00t3e5ni9e8iofg8ghvk7/gradle-2.14.1/lib/plugins/jsch-0.1.53.jar
7fd9c005c000-7fd9c009c000 r--s 00277000 08:04 4311178                    /home/andrew/.gradle/wrapper/dists/gradle-2.14.1-all/4cj8p00t3e5ni9e8iofg8ghvk7/gradle-2.14.1/lib/plugins/bcprov-jdk15on-1.51.jar
7fd9c009c000-7fd9c00a0000 r--s 0001d000 08:04 4311177                    /home/andrew/.gradle/wrapper/dists/gradle-2.14.1-all/4cj8p00t3e5ni9e8iofg8ghvk7/gradle-2.14.1/lib/plugins/xbean-reflect-3.4.jar
7fd9c00a0000-7fd9c00ac000 r--s 0007d000 08:04 4311154                    /home/andrew/.gradle/wrapper/dists/gradle-2.14.1-all/4cj8p00t3e5ni9e8iofg8ghvk7/gradle-2.14.1/lib/plugins/maven-core-3.0.4.jar
7fd9c00ac000-7fd9c00b1000 r--s 0002a000 08:04 4311161                    /home/andrew/.gradle/wrapper/dists/gradle-2.14.1-all/4cj8p00t3e5ni9e8iofg8ghvk7/gradle-2.14.1/lib/plugins/gson-2.2.4.jar
7fd9c00b1000-7fd9c00c0000 r--s 000d9000 08:04 4311176                    /home/andrew/.gradle/wrapper/dists/gradle-2.14.1-all/4cj8p00t3e5ni9e8iofg8ghvk7/gradle-2.14.1/lib/plugins/ivy-2.2.0.jar
7fd9c00c0000-7fd9c00dc000 r--s 000d3000 08:04 4311143                    /home/andrew/.gradle/wrapper/dists/gradle-2.14.1-all/4cj8p00t3e5ni9e8iofg8ghvk7/gradle-2.14.1/lib/plugins/gradle-dependency-management-2.14.1.jar
7fd9c00dc000-7fd9c00de000 r--s 00005000 08:04 4311053                    /home/andrew/.gradle/wrapper/dists/gradle-2.14.1-all/4cj8p00t3e5ni9e8iofg8ghvk7/gradle-2.14.1/lib/gradle-wrapper-2.14.1.jar
7fd9c00de000-7fd9c00ec000 r--s 0004f000 08:04 4311060                    /home/andrew/.gradle/wrapper/dists/gradle-2.14.1-all/4cj8p00t3e5ni9e8iofg8ghvk7/gradle-2.14.1/lib/gradle-tooling-api-2.14.1.jar
7fd9c00ec000-7fd9c00ee000 r--s 00002000 08:04 4311080                    /home/andrew/.gradle/wrapper/dists/gradle-2.14.1-all/4cj8p00t3e5ni9e8iofg8ghvk7/gradle-2.14.1/lib/gradle-open-api-2.14.1.jar
7fd9c00ee000-7fd9c00f4000 r--s 00032000 08:04 4311082                    /home/andrew/.gradle/wrapper/dists/gradle-2.14.1-all/4cj8p00t3e5ni9e8iofg8ghvk7/gradle-2.14.1/lib/jaxen-1.1.jar
7fd9c00f4000-7fd9c00f9000 r--s 00048000 08:04 4311081                    /home/andrew/.gradle/wrapper/dists/gradle-2.14.1-all/4cj8p00t3e5ni9e8iofg8ghvk7/gradle-2.14.1/lib/dom4j-1.6.1.jar
7fd9c00f9000-7fd9c0104000 r--s 00059000 08:04 4311059                    /home/andrew/.gradle/wrapper/dists/gradle-2.14.1-all/4cj8p00t3e5ni9e8iofg8ghvk7/gradle-2.14.1/lib/gradle-ui-2.14.1.jar
7fd9c0104000-7fd9c0107000 r--s 0000b000 08:04 4311078                    /home/andrew/.gradle/wrapper/dists/gradle-2.14.1-all/4cj8p00t3e5ni9e8iofg8ghvk7/gradle-2.14.1/lib/gradle-resources-2.14.1.jar
7fd9c0107000-7fd9c0109000 r--s 00003000 08:04 4311090                    /home/andrew/.gradle/wrapper/dists/gradle-2.14.1-all/4cj8p00t3e5ni9e8iofg8ghvk7/gradle-2.14.1/lib/jcl-over-slf4j-1.7.10.jar
7fd9c0109000-7fd9c010a000 r--s 00005000 08:04 4311089                    /home/andrew/.gradle/wrapper/dists/gradle-2.14.1-all/4cj8p00t3e5ni9e8iofg8ghvk7/gradle-2.14.1/lib/log4j-over-slf4j-1.7.10.jar
7fd9c010a000-7fd9c010c000 r--s 00000000 08:04 4311088                    /home/andrew/.gradle/wrapper/dists/gradle-2.14.1-all/4cj8p00t3e5ni9e8iofg8ghvk7/gradle-2.14.1/lib/jul-to-slf4j-1.7.10.jar
7fd9c010c000-7fd9c0111000 r--s 0001c000 08:04 4311077                    /home/andrew/.gradle/wrapper/dists/gradle-2.14.1-all/4cj8p00t3e5ni9e8iofg8ghvk7/gradle-2.14.1/lib/gradle-logging-2.14.1.jar
7fd9c0111000-7fd9c0113000 r--s 00007000 08:04 4311101                    /home/andrew/.gradle/wrapper/dists/gradle-2.14.1-all/4cj8p00t3e5ni9e8iofg8ghvk7/gradle-2.14.1/lib/objenesis-1.2.jar
7fd9c0113000-7fd9c0115000 r--s 00000000 08:04 4311100                    /home/andrew/.gradle/wrapper/dists/gradle-2.14.1-all/4cj8p00t3e5ni9e8iofg8ghvk7/gradle-2.14.1/lib/minlog-1.2.jar
7fd9c0115000-7fd9c0117000 r--s 0000f000 08:04 4311099                    /home/andrew/.gradle/wrapper/dists/gradle-2.14.1-all/4cj8p00t3e5ni9e8iofg8ghvk7/gradle-2.14.1/lib/reflectasm-1.07-shaded.jar
7fd9c0117000-7fd9c011b000 r--s 00026000 08:04 4311087                    /home/andrew/.gradle/wrapper/dists/gradle-2.14.1-all/4cj8p00t3e5ni9e8iofg8ghvk7/gradle-2.14.1/lib/kryo-2.20.jar
7fd9c011b000-7fd9c0121000 r--s 00025000 08:04 4311076                    /home/andrew/.gradle/wrapper/dists/gradle-2.14.1-all/4cj8p00t3e5ni9e8iofg8ghvk7/gradle-2.14.1/lib/gradle-messaging-2.14.1.jar
7fd9c0121000-7fd9c0122000 r--s 00003000 08:04 4311098                    /home/andrew/.gradle/wrapper/dists/gradle-2.14.1-all/4cj8p00t3e5ni9e8iofg8ghvk7/gradle-2.14.1/lib/native-platform-freebsd-amd64-0.10.jar
7fd9c0122000-7fd9c0123000 r--s 00003000 08:04 4311097                    /home/andrew/.gradle/wrapper/dists/gradle-2.14.1-all/4cj8p00t3e5ni9e8iofg8ghvk7/gradle-2.14.1/lib/native-platform-freebsd-i386-0.10.jar
7fd9c0123000-7fd9c0124000 r--s 00005000 08:04 4311096                    /home/andrew/.gradle/wrapper/dists/gradle-2.14.1-all/4cj8p00t3e5ni9e8iofg8ghvk7/gradle-2.14.1/lib/native-platform-windows-i386-0.10.jar
7fd9c0124000-7fd9c0125000 r--s 00005000 08:04 4311095                    /home/andrew/.gradle/wrapper/dists/gradle-2.14.1-all/4cj8p00t3e5ni9e8iofg8ghvk7/gradle-2.14.1/lib/native-platform-windows-amd64-0.10.jar
7fd9c0125000-7fd9c0126000 r--s 00003000 08:04 4311094                    /home/andrew/.gradle/wrapper/dists/gradle-2.14.1-all/4cj8p00t3e5ni9e8iofg8ghvk7/gradle-2.14.1/lib/native-platform-linux-i386-0.10.jar
7fd9c0126000-7fd9c0127000 r--s 00003000 08:04 4311093                    /home/andrew/.gradle/wrapper/dists/gradle-2.14.1-all/4cj8p00t3e5ni9e8iofg8ghvk7/gradle-2.14.1/lib/native-platform-linux-amd64-0.10.jar
7fd9c0127000-7fd9c0128000 r--s 00002000 08:04 4311092                    /home/andrew/.gradle/wrapper/dists/gradle-2.14.1-all/4cj8p00t3e5ni9e8iofg8ghvk7/gradle-2.14.1/lib/native-platform-osx-amd64-0.10.jar
7fd9c0128000-7fd9c0129000 r--s 00002000 08:04 4311091                    /home/andrew/.gradle/wrapper/dists/gradle-2.14.1-all/4cj8p00t3e5ni9e8iofg8ghvk7/gradle-2.14.1/lib/native-platform-osx-i386-0.10.jar
7fd9c0129000-7fd9c012b000 r--s 00008000 08:04 4311085                    /home/andrew/.gradle/wrapper/dists/gradle-2.14.1-all/4cj8p00t3e5ni9e8iofg8ghvk7/gradle-2.14.1/lib/jansi-1.2.1.jar
7fd9c012b000-7fd9c012e000 r--s 0000d000 08:04 4311084                    /home/andrew/.gradle/wrapper/dists/gradle-2.14.1-all/4cj8p00t3e5ni9e8iofg8ghvk7/gradle-2.14.1/lib/native-platform-0.10.jar
7fd9c012e000-7fd9c0132000 r--s 000e4000 08:04 4311083                    /home/andrew/.gradle/wrapper/dists/gradle-2.14.1-all/4cj8p00t3e5ni9e8iofg8ghvk7/gradle-2.14.1/lib/jna-3.2.7.jar
7fd9c0132000-7fd9c0134000 r--s 00009000 08:04 4311061                    /home/andrew/.gradle/wrapper/dists/gradle-2.14.1-all/4cj8p00t3e5ni9e8iofg8ghvk7/gradle-2.14.1/lib/gradle-native-2.14.1.jar
7fd9c0134000-7fd9c0143000 r--s 00080000 08:04 4311067                    /home/andrew/.gradle/wrapper/dists/gradle-2.14.1-all/4cj8p00t3e5ni9e8iofg8ghvk7/gradle-2.14.1/lib/gradle-model-core-2.14.1.jar
7fd9c0143000-7fd9c0150000 r--s 00083000 08:04 4311071                    /home/andrew/.gradle/wrapper/dists/gradle-2.14.1-all/4cj8p00t3e5ni9e8iofg8ghvk7/gradle-2.14.1/lib/commons-collections-3.2.2.jar
7fd9c0150000-7fd9c01bf000 r--s 0063e000 08:04 4311066                    /home/andrew/.gradle/wrapper/dists/gradle-2.14.1-all/4cj8p00t3e5ni9e8iofg8ghvk7/gradle-2.14.1/lib/groovy-all-2.4.4.jar
7fd9c01bf000-7fd9c01e7000 r--s 001cf000 08:04 4311063                    /home/andrew/.gradle/wrapper/dists/gradle-2.14.1-all/4cj8p00t3e5ni9e8iofg8ghvk7/gradle-2.14.1/lib/guava-jdk5-17.0.jar
7fd9c01e7000-7fd9c0206000 r--s 001d1000 08:04 4311070                    /home/andrew/.gradle/wrapper/dists/gradle-2.14.1-all/4cj8p00t3e5ni9e8iofg8ghvk7/gradle-2.14.1/lib/ant-1.9.6.jar
7fd9c0206000-7fd9c021d000 r-xp 00000000 08:06 144736                     /usr/lib/jvm/java-8-openjdk-amd64/jre/lib/amd64/libnet.so
7fd9c021d000-7fd9c041c000 ---p 00017000 08:06 144736                     /usr/lib/jvm/java-8-openjdk-amd64/jre/lib/amd64/libnet.so
7fd9c041c000-7fd9c041d000 r--p 00016000 08:06 144736                     /usr/lib/jvm/java-8-openjdk-amd64/jre/lib/amd64/libnet.so
7fd9c041d000-7fd9c041e000 rw-p 00017000 08:06 144736                     /usr/lib/jvm/java-8-openjdk-amd64/jre/lib/amd64/libnet.so
7fd9c041e000-7fd9c041f000 ---p 00000000 00:00 0 
7fd9c041f000-7fd9c051f000 rw-p 00000000 00:00 0 
7fd9c051f000-7fd9c0522000 ---p 00000000 00:00 0 
7fd9c0522000-7fd9c0620000 rw-p 00000000 00:00 0 
7fd9c0620000-7fd9c0623000 ---p 00000000 00:00 0 
7fd9c0623000-7fd9c0721000 rw-p 00000000 00:00 0 
7fd9c0721000-7fd9c0724000 ---p 00000000 00:00 0 
7fd9c0724000-7fd9c0822000 rw-p 00000000 00:00 0 
7fd9c0822000-7fd9c0825000 ---p 00000000 00:00 0 
7fd9c0825000-7fd9c0923000 rw-p 00000000 00:00 0 
7fd9c0923000-7fd9c0926000 ---p 00000000 00:00 0 
7fd9c0926000-7fd9c0a24000 rw-p 00000000 00:00 0 
7fd9c0a24000-7fd9c0cfd000 r--p 00000000 08:06 133148                     /usr/lib/locale/locale-archive
7fd9c0cfd000-7fd9c0d00000 ---p 00000000 00:00 0 
7fd9c0d00000-7fd9c0dfe000 rw-p 00000000 00:00 0 
7fd9c0dfe000-7fd9c0e01000 ---p 00000000 00:00 0 
7fd9c0e01000-7fd9c0eff000 rw-p 00000000 00:00 0 
7fd9c0eff000-7fd9c0f00000 ---p 00000000 00:00 0 
7fd9c0f00000-7fd9c1000000 rw-p 00000000 00:00 0 
7fd9c1000000-7fd9c1290000 rwxp 00000000 00:00 0 
7fd9c1290000-7fd9d0000000 ---p 00000000 00:00 0 
7fd9d0000000-7fd9d0c5c000 rw-p 00000000 00:00 0 
7fd9d0c5c000-7fd9d4000000 ---p 00000000 00:00 0 
7fd9d4000000-7fd9d4002000 r--s 00005000 08:04 4311058                    /home/andrew/.gradle/wrapper/dists/gradle-2.14.1-all/4cj8p00t3e5ni9e8iofg8ghvk7/gradle-2.14.1/lib/gradle-cli-2.14.1.jar
7fd9d4002000-7fd9d4004000 r--s 00007000 08:04 4311068                    /home/andrew/.gradle/wrapper/dists/gradle-2.14.1-all/4cj8p00t3e5ni9e8iofg8ghvk7/gradle-2.14.1/lib/gradle-model-groovy-2.14.1.jar
7fd9d4004000-7fd9d4005000 r--s 00006000 08:04 4311075                    /home/andrew/.gradle/wrapper/dists/gradle-2.14.1-all/4cj8p00t3e5ni9e8iofg8ghvk7/gradle-2.14.1/lib/gradle-base-services-groovy-2.14.1.jar
7fd9d4005000-7fd9d4006000 r--s 00002000 08:04 4311079                    /home/andrew/.gradle/wrapper/dists/gradle-2.14.1-all/4cj8p00t3e5ni9e8iofg8ghvk7/gradle-2.14.1/lib/gradle-docs-2.14.1.jar
7fd9d4006000-7fd9d4007000 r--s 00000000 08:04 4311074                    /home/andrew/.gradle/wrapper/dists/gradle-2.14.1-all/4cj8p00t3e5ni9e8iofg8ghvk7/gradle-2.14.1/lib/javax.inject-1.jar
7fd9d4007000-7fd9d4008000 r--s 00000000 08:04 4311073                    /home/andrew/.gradle/wrapper/dists/gradle-2.14.1-all/4cj8p00t3e5ni9e8iofg8ghvk7/gradle-2.14.1/lib/jcip-annotations-1.0.jar
7fd9d4008000-7fd9d400c000 r--s 00027000 08:04 4311072                    /home/andrew/.gradle/wrapper/dists/gradle-2.14.1-all/4cj8p00t3e5ni9e8iofg8ghvk7/gradle-2.14.1/lib/commons-io-2.2.jar
7fd9d400c000-7fd9d4011000 r--s 00038000 08:04 4311069                    /home/andrew/.gradle/wrapper/dists/gradle-2.14.1-all/4cj8p00t3e5ni9e8iofg8ghvk7/gradle-2.14.1/lib/asm-all-5.1.jar
7fd9d4011000-7fd9d4016000 r--s 00041000 08:04 4311064                    /home/andrew/.gradle/wrapper/dists/gradle-2.14.1-all/4cj8p00t3e5ni9e8iofg8ghvk7/gradle-2.14.1/lib/commons-lang-2.6.jar
7fd9d4016000-7fd9d401e000 r--s 0003a000 08:04 4311055                    /home/andrew/.gradle/wrapper/dists/gradle-2.14.1-all/4cj8p00t3e5ni9e8iofg8ghvk7/gradle-2.14.1/lib/gradle-base-services-2.14.1.jar
7fd9d401e000-7fd9d4055000 r--s 001bd000 08:04 4311057                    /home/andrew/.gradle/wrapper/dists/gradle-2.14.1-all/4cj8p00t3e5ni9e8iofg8ghvk7/gradle-2.14.1/lib/gradle-core-2.14.1.jar
7fd9d4055000-7fd9d4060000 r--s 00051000 08:04 4311052                    /home/andrew/.gradle/wrapper/dists/gradle-2.14.1-all/4cj8p00t3e5ni9e8iofg8ghvk7/gradle-2.14.1/lib/gradle-launcher-2.14.1.jar
7fd9d4060000-7fd9d4091000 rw-p 00000000 00:00 0 
7fd9d4091000-7fd9d4095000 r--s 0009a000 08:06 144776                     /usr/lib/jvm/java-8-openjdk-amd64/jre/lib/jsse.jar
7fd9d4095000-7fd9d40b0000 r--s 00394000 08:06 144755                     /usr/lib/jvm/java-8-openjdk-amd64/jre/lib/ext/cldrdata.jar
7fd9d40b0000-7fd9d40cb000 r--s 001d6000 08:06 144760                     /usr/lib/jvm/java-8-openjdk-amd64/jre/lib/ext/nashorn.jar
7fd9d40cb000-7fd9d50ab000 rw-p 00000000 00:00 0 
7fd9d50ab000-7fd9d5279000 r--s 03c06000 08:06 144781                     /usr/lib/jvm/java-8-openjdk-amd64/jre/lib/rt.jar
7fd9d5279000-7fd9d596f000 rw-p 00000000 00:00 0 
7fd9d596f000-7fd9d5aef000 ---p 00000000 00:00 0 
7fd9d5aef000-7fd9d5ec7000 rw-p 00000000 00:00 0 
7fd9d5ec7000-7fd9d5ec8000 ---p 00000000 00:00 0 
7fd9d5ec8000-7fd9d5fc8000 rw-p 00000000 00:00 0 
7fd9d5fc8000-7fd9d5fc9000 ---p 00000000 00:00 0 
7fd9d5fc9000-7fd9d60c9000 rw-p 00000000 00:00 0 
7fd9d60c9000-7fd9d60ca000 ---p 00000000 00:00 0 
7fd9d60ca000-7fd9d61ca000 rw-p 00000000 00:00 0 
7fd9d61ca000-7fd9d61cb000 ---p 00000000 00:00 0 
7fd9d61cb000-7fd9d62f5000 rw-p 00000000 00:00 0 
7fd9d62f5000-7fd9d655b000 ---p 00000000 00:00 0 
7fd9d655b000-7fd9d6585000 rw-p 00000000 00:00 0 
7fd9d6585000-7fd9d67eb000 ---p 00000000 00:00 0 
7fd9d67eb000-7fd9d680f000 rw-p 00000000 00:00 0 
7fd9d680f000-7fd9d6933000 ---p 00000000 00:00 0 
7fd9d6933000-7fd9d693f000 rw-p 00000000 00:00 0 
7fd9d693f000-7fd9d6cf4000 ---p 00000000 00:00 0 
7fd9d6cf4000-7fd9d6cfc000 r-xp 00000000 08:06 144744                     /usr/lib/jvm/java-8-openjdk-amd64/jre/lib/amd64/libzip.so
7fd9d6cfc000-7fd9d6efb000 ---p 00008000 08:06 144744                     /usr/lib/jvm/java-8-openjdk-amd64/jre/lib/amd64/libzip.so
7fd9d6efb000-7fd9d6efc000 r--p 00007000 08:06 144744                     /usr/lib/jvm/java-8-openjdk-amd64/jre/lib/amd64/libzip.so
7fd9d6efc000-7fd9d6efd000 rw-p 00008000 08:06 144744                     /usr/lib/jvm/java-8-openjdk-amd64/jre/lib/amd64/libzip.so
7fd9d6efd000-7fd9d6f08000 r-xp 00000000 08:06 676911                     /lib/x86_64-linux-gnu/libnss_files-2.24.so
7fd9d6f08000-7fd9d7107000 ---p 0000b000 08:06 676911                     /lib/x86_64-linux-gnu/libnss_files-2.24.so
7fd9d7107000-7fd9d7108000 r--p 0000a000 08:06 676911                     /lib/x86_64-linux-gnu/libnss_files-2.24.so
7fd9d7108000-7fd9d7109000 rw-p 0000b000 08:06 676911                     /lib/x86_64-linux-gnu/libnss_files-2.24.so
7fd9d7109000-7fd9d710f000 rw-p 00000000 00:00 0 
7fd9d710f000-7fd9d711a000 r-xp 00000000 08:06 676913                     /lib/x86_64-linux-gnu/libnss_nis-2.24.so
7fd9d711a000-7fd9d7319000 ---p 0000b000 08:06 676913                     /lib/x86_64-linux-gnu/libnss_nis-2.24.so
7fd9d7319000-7fd9d731a000 r--p 0000a000 08:06 676913                     /lib/x86_64-linux-gnu/libnss_nis-2.24.so
7fd9d731a000-7fd9d731b000 rw-p 0000b000 08:06 676913                     /lib/x86_64-linux-gnu/libnss_nis-2.24.so
7fd9d731b000-7fd9d7331000 r-xp 00000000 08:06 676908                     /lib/x86_64-linux-gnu/libnsl-2.24.so
7fd9d7331000-7fd9d7530000 ---p 00016000 08:06 676908                     /lib/x86_64-linux-gnu/libnsl-2.24.so
7fd9d7530000-7fd9d7531000 r--p 00015000 08:06 676908                     /lib/x86_64-linux-gnu/libnsl-2.24.so
7fd9d7531000-7fd9d7532000 rw-p 00016000 08:06 676908                     /lib/x86_64-linux-gnu/libnsl-2.24.so
7fd9d7532000-7fd9d7534000 rw-p 00000000 00:00 0 
7fd9d7534000-7fd9d753c000 r-xp 00000000 08:06 676909                     /lib/x86_64-linux-gnu/libnss_compat-2.24.so
7fd9d753c000-7fd9d773b000 ---p 00008000 08:06 676909                     /lib/x86_64-linux-gnu/libnss_compat-2.24.so
7fd9d773b000-7fd9d773c000 r--p 00007000 08:06 676909                     /lib/x86_64-linux-gnu/libnss_compat-2.24.so
7fd9d773c000-7fd9d773d000 rw-p 00008000 08:06 676909                     /lib/x86_64-linux-gnu/libnss_compat-2.24.so
7fd9d773d000-7fd9d776a000 r-xp 00000000 08:06 144725                     /usr/lib/jvm/java-8-openjdk-amd64/jre/lib/amd64/libjava.so
7fd9d776a000-7fd9d7969000 ---p 0002d000 08:06 144725                     /usr/lib/jvm/java-8-openjdk-amd64/jre/lib/amd64/libjava.so
7fd9d7969000-7fd9d796a000 r--p 0002c000 08:06 144725                     /usr/lib/jvm/java-8-openjdk-amd64/jre/lib/amd64/libjava.so
7fd9d796a000-7fd9d796c000 rw-p 0002d000 08:06 144725                     /usr/lib/jvm/java-8-openjdk-amd64/jre/lib/amd64/libjava.so
7fd9d796c000-7fd9d797b000 r-xp 00000000 08:06 144743                     /usr/lib/jvm/java-8-openjdk-amd64/jre/lib/amd64/libverify.so
7fd9d797b000-7fd9d7b7a000 ---p 0000f000 08:06 144743                     /usr/lib/jvm/java-8-openjdk-amd64/jre/lib/amd64/libverify.so
7fd9d7b7a000-7fd9d7b7c000 r--p 0000e000 08:06 144743                     /usr/lib/jvm/java-8-openjdk-amd64/jre/lib/amd64/libverify.so
7fd9d7b7c000-7fd9d7b7d000 rw-p 00010000 08:06 144743                     /usr/lib/jvm/java-8-openjdk-amd64/jre/lib/amd64/libverify.so
7fd9d7b7d000-7fd9d7b84000 r-xp 00000000 08:06 676918                     /lib/x86_64-linux-gnu/librt-2.24.so
7fd9d7b84000-7fd9d7d83000 ---p 00007000 08:06 676918                     /lib/x86_64-linux-gnu/librt-2.24.so
7fd9d7d83000-7fd9d7d84000 r--p 00006000 08:06 676918                     /lib/x86_64-linux-gnu/librt-2.24.so
7fd9d7d84000-7fd9d7d85000 rw-p 00007000 08:06 676918                     /lib/x86_64-linux-gnu/librt-2.24.so
7fd9d7d85000-7fd9d7d9b000 r-xp 00000000 08:06 660878                     /lib/x86_64-linux-gnu/libgcc_s.so.1
7fd9d7d9b000-7fd9d7f9a000 ---p 00016000 08:06 660878                     /lib/x86_64-linux-gnu/libgcc_s.so.1
7fd9d7f9a000-7fd9d7f9b000 r--p 00015000 08:06 660878                     /lib/x86_64-linux-gnu/libgcc_s.so.1
7fd9d7f9b000-7fd9d7f9c000 rw-p 00016000 08:06 660878                     /lib/x86_64-linux-gnu/libgcc_s.so.1
7fd9d7f9c000-7fd9d80a4000 r-xp 00000000 08:06 676905                     /lib/x86_64-linux-gnu/libm-2.24.so
7fd9d80a4000-7fd9d82a3000 ---p 00108000 08:06 676905                     /lib/x86_64-linux-gnu/libm-2.24.so
7fd9d82a3000-7fd9d82a4000 r--p 00107000 08:06 676905                     /lib/x86_64-linux-gnu/libm-2.24.so
7fd9d82a4000-7fd9d82a5000 rw-p 00108000 08:06 676905                     /lib/x86_64-linux-gnu/libm-2.24.so
7fd9d82a5000-7fd9d841d000 r-xp 00000000 08:06 143232                     /usr/lib/x86_64-linux-gnu/libstdc++.so.6.0.22
7fd9d841d000-7fd9d861d000 ---p 00178000 08:06 143232                     /usr/lib/x86_64-linux-gnu/libstdc++.so.6.0.22
7fd9d861d000-7fd9d8627000 r--p 00178000 08:06 143232                     /usr/lib/x86_64-linux-gnu/libstdc++.so.6.0.22
7fd9d8627000-7fd9d8629000 rw-p 00182000 08:06 143232                     /usr/lib/x86_64-linux-gnu/libstdc++.so.6.0.22
7fd9d8629000-7fd9d862d000 rw-p 00000000 00:00 0 
7fd9d862d000-7fd9d9282000 r-xp 00000000 08:06 144746                     /usr/lib/jvm/java-8-openjdk-amd64/jre/lib/amd64/server/libjvm.so
7fd9d9282000-7fd9d9482000 ---p 00c55000 08:06 144746                     /usr/lib/jvm/java-8-openjdk-amd64/jre/lib/amd64/server/libjvm.so
7fd9d9482000-7fd9d9515000 r--p 00c55000 08:06 144746                     /usr/lib/jvm/java-8-openjdk-amd64/jre/lib/amd64/server/libjvm.so
7fd9d9515000-7fd9d953e000 rw-p 00ce8000 08:06 144746                     /usr/lib/jvm/java-8-openjdk-amd64/jre/lib/amd64/server/libjvm.so
7fd9d953e000-7fd9d956e000 rw-p 00000000 00:00 0 
7fd9d956e000-7fd9d9586000 r-xp 00000000 08:06 676916                     /lib/x86_64-linux-gnu/libpthread-2.24.so
7fd9d9586000-7fd9d9786000 ---p 00018000 08:06 676916                     /lib/x86_64-linux-gnu/libpthread-2.24.so
7fd9d9786000-7fd9d9787000 r--p 00018000 08:06 676916                     /lib/x86_64-linux-gnu/libpthread-2.24.so
7fd9d9787000-7fd9d9788000 rw-p 00019000 08:06 676916                     /lib/x86_64-linux-gnu/libpthread-2.24.so
7fd9d9788000-7fd9d978c000 rw-p 00000000 00:00 0 
7fd9d978c000-7fd9d978f000 r-xp 00000000 08:06 676904                     /lib/x86_64-linux-gnu/libdl-2.24.so
7fd9d978f000-7fd9d998e000 ---p 00003000 08:06 676904                     /lib/x86_64-linux-gnu/libdl-2.24.so
7fd9d998e000-7fd9d998f000 r--p 00002000 08:06 676904                     /lib/x86_64-linux-gnu/libdl-2.24.so
7fd9d998f000-7fd9d9990000 rw-p 00003000 08:06 676904                     /lib/x86_64-linux-gnu/libdl-2.24.so
7fd9d9990000-7fd9d99a9000 r-xp 00000000 08:06 661022                     /lib/x86_64-linux-gnu/libz.so.1.2.8
7fd9d99a9000-7fd9d9ba8000 ---p 00019000 08:06 661022                     /lib/x86_64-linux-gnu/libz.so.1.2.8
7fd9d9ba8000-7fd9d9ba9000 r--p 00018000 08:06 661022                     /lib/x86_64-linux-gnu/libz.so.1.2.8
7fd9d9ba9000-7fd9d9baa000 rw-p 00019000 08:06 661022                     /lib/x86_64-linux-gnu/libz.so.1.2.8
7fd9d9baa000-7fd9d9d67000 r-xp 00000000 08:06 676901                     /lib/x86_64-linux-gnu/libc-2.24.so
7fd9d9d67000-7fd9d9f67000 ---p 001bd000 08:06 676901                     /lib/x86_64-linux-gnu/libc-2.24.so
7fd9d9f67000-7fd9d9f6b000 r--p 001bd000 08:06 676901                     /lib/x86_64-linux-gnu/libc-2.24.so
7fd9d9f6b000-7fd9d9f6d000 rw-p 001c1000 08:06 676901                     /lib/x86_64-linux-gnu/libc-2.24.so
7fd9d9f6d000-7fd9d9f71000 rw-p 00000000 00:00 0 
7fd9d9f71000-7fd9d9f7e000 r-xp 00000000 08:06 144711                     /usr/lib/jvm/java-8-openjdk-amd64/jre/lib/amd64/jli/libjli.so
7fd9d9f7e000-7fd9da17e000 ---p 0000d000 08:06 144711                     /usr/lib/jvm/java-8-openjdk-amd64/jre/lib/amd64/jli/libjli.so
7fd9da17e000-7fd9da17f000 r--p 0000d000 08:06 144711                     /usr/lib/jvm/java-8-openjdk-amd64/jre/lib/amd64/jli/libjli.so
7fd9da17f000-7fd9da180000 rw-p 0000e000 08:06 144711                     /usr/lib/jvm/java-8-openjdk-amd64/jre/lib/amd64/jli/libjli.so
7fd9da180000-7fd9da1a5000 r-xp 00000000 08:06 676897                     /lib/x86_64-linux-gnu/ld-2.24.so
7fd9da1a5000-7fd9da1a6000 r--s 00001000 08:04 4311065                    /home/andrew/.gradle/wrapper/dists/gradle-2.14.1-all/4cj8p00t3e5ni9e8iofg8ghvk7/gradle-2.14.1/lib/gradle-process-services-2.14.1.jar
7fd9da1a6000-7fd9da1a7000 r--s 00000000 08:04 4311056                    /home/andrew/.gradle/wrapper/dists/gradle-2.14.1-all/4cj8p00t3e5ni9e8iofg8ghvk7/gradle-2.14.1/lib/gradle-jvm-services-2.14.1.jar
7fd9da1a7000-7fd9da1a8000 r--s 00007000 08:04 4311062                    /home/andrew/.gradle/wrapper/dists/gradle-2.14.1-all/4cj8p00t3e5ni9e8iofg8ghvk7/gradle-2.14.1/lib/slf4j-api-1.7.10.jar
7fd9da1a8000-7fd9da273000 rw-p 00000000 00:00 0 
7fd9da273000-7fd9da276000 ---p 00000000 00:00 0 
7fd9da276000-7fd9da378000 rw-p 00000000 00:00 0 
7fd9da378000-7fd9da379000 r--s 00004000 08:04 4311086                    /home/andrew/.gradle/wrapper/dists/gradle-2.14.1-all/4cj8p00t3e5ni9e8iofg8ghvk7/gradle-2.14.1/lib/ant-launcher-1.9.6.jar
7fd9da379000-7fd9da37b000 r--s 0000b000 08:04 531874                     /home/andrew/Github/GiffingAwesome/GiffingAwesome/platforms/android/gradle/wrapper/gradle-wrapper.jar
7fd9da37b000-7fd9da37d000 r--s 00001000 08:06 144756                     /usr/lib/jvm/java-8-openjdk-amd64/jre/lib/ext/dnsns.jar
7fd9da37d000-7fd9da380000 r--s 0000f000 08:06 144757                     /usr/lib/jvm/java-8-openjdk-amd64/jre/lib/ext/icedtea-sound.jar
7fd9da380000-7fd9da382000 r--s 00008000 08:06 144761                     /usr/lib/jvm/java-8-openjdk-amd64/jre/lib/ext/sunec.jar
7fd9da382000-7fd9da383000 r--s 0000a000 08:06 144758                     /usr/lib/jvm/java-8-openjdk-amd64/jre/lib/ext/jaccess.jar
7fd9da383000-7fd9da387000 r--s 00037000 08:06 144763                     /usr/lib/jvm/java-8-openjdk-amd64/jre/lib/ext/sunpkcs11.jar
7fd9da387000-7fd9da388000 r--s 00010000 08:06 144764                     /usr/lib/jvm/java-8-openjdk-amd64/jre/lib/ext/zipfs.jar
7fd9da388000-7fd9da38d000 r--s 0003b000 08:06 144762                     /usr/lib/jvm/java-8-openjdk-amd64/jre/lib/ext/sunjce_provider.jar
7fd9da38d000-7fd9da397000 r--s 00116000 08:06 144759                     /usr/lib/jvm/java-8-openjdk-amd64/jre/lib/ext/localedata.jar
7fd9da397000-7fd9da39f000 rw-s 00000000 08:06 1076716                    /tmp/hsperfdata_andrew/31937
7fd9da39f000-7fd9da3a0000 rw-p 00000000 00:00 0 
7fd9da3a0000-7fd9da3a1000 r--p 00000000 00:00 0 
7fd9da3a1000-7fd9da3a4000 rw-p 00000000 00:00 0 
7fd9da3a4000-7fd9da3a5000 r--p 00024000 08:06 676897                     /lib/x86_64-linux-gnu/ld-2.24.so
7fd9da3a5000-7fd9da3a6000 rw-p 00025000 08:06 676897                     /lib/x86_64-linux-gnu/ld-2.24.so
7fd9da3a6000-7fd9da3a7000 rw-p 00000000 00:00 0 
7fffe4364000-7fffe4385000 rw-p 00000000 00:00 0                          [stack]
7fffe43b6000-7fffe43b8000 r--p 00000000 00:00 0                          [vvar]
7fffe43b8000-7fffe43ba000 r-xp 00000000 00:00 0                          [vdso]
ffffffffff600000-ffffffffff601000 r-xp 00000000 00:00 0                  [vsyscall]

VM Arguments:
jvm_args: -Dorg.gradle.appname=gradlew 
java_command: org.gradle.wrapper.GradleWrapperMain cdvBuildDebug -b /home/andrew/Github/GiffingAwesome/GiffingAwesome/platforms/android/build.gradle -Dorg.gradle.daemon=true -Dorg.gradle.jvmargs=-Xmx2048m -Pandroid.useDeprecatedNdk=true
java_class_path (initial): /home/andrew/Github/GiffingAwesome/GiffingAwesome/platforms/android/gradle/wrapper/gradle-wrapper.jar
Launcher Type: SUN_STANDARD

Environment Variables:
JAVA_HOME=/usr/lib/jvm/default-java/
PATH=~/Tools/pebble-sdk-4.4.1-linux64/bin:/home/andrew/bin:/home/andrew/.local/bin:/usr/local/sbin:/usr/local/bin:/usr/sbin:/usr/bin:/sbin:/bin:/usr/games:/usr/local/games:/snap/bin:/opt/microchip/xc16/v1.30/bin:/opt/microchip/xc8/v1.40/bin:/opt/mongo/bin:/home/andrew/.npm-packages/bin:/home/andrew/Tools/google_appengine:/home/andrew/Tools/pebble-sdk-4.3-linux64/bin:/opt/microchip/xc16/v1.30/bin:/opt/microchip/xc8/v1.40/bin:/usr/share/pk2/:/home/andrew/Android/Sdk/tools
SHELL=/bin/bash
DISPLAY=:0

Signal Handlers:
SIGSEGV: [libjvm.so+0xa6c900], sa_mask[0]=11111111011111111101111111111110, sa_flags=SA_RESTART|SA_SIGINFO
SIGBUS: [libjvm.so+0xa6c900], sa_mask[0]=11111111011111111101111111111110, sa_flags=SA_RESTART|SA_SIGINFO
SIGFPE: [libjvm.so+0x8b6400], sa_mask[0]=11111111011111111101111111111110, sa_flags=SA_RESTART|SA_SIGINFO
SIGPIPE: [libjvm.so+0x8b6400], sa_mask[0]=11111111011111111101111111111110, sa_flags=SA_RESTART|SA_SIGINFO
SIGXFSZ: [libjvm.so+0x8b6400], sa_mask[0]=11111111011111111101111111111110, sa_flags=SA_RESTART|SA_SIGINFO
SIGILL: [libjvm.so+0x8b6400], sa_mask[0]=11111111011111111101111111111110, sa_flags=SA_RESTART|SA_SIGINFO
SIGUSR1: SIG_DFL, sa_mask[0]=00000000000000000000000000000000, sa_flags=none
SIGUSR2: [libjvm.so+0x8b62b0], sa_mask[0]=00000000000000000000000000000000, sa_flags=SA_RESTART|SA_SIGINFO
SIGHUP: [libjvm.so+0x8b6760], sa_mask[0]=11111111011111111101111111111110, sa_flags=SA_RESTART|SA_SIGINFO
SIGINT: [libjvm.so+0x8b6760], sa_mask[0]=11111111011111111101111111111110, sa_flags=SA_RESTART|SA_SIGINFO
SIGTERM: [libjvm.so+0x8b6760], sa_mask[0]=11111111011111111101111111111110, sa_flags=SA_RESTART|SA_SIGINFO
SIGQUIT: [libjvm.so+0x8b6760], sa_mask[0]=11111111011111111101111111111110, sa_flags=SA_RESTART|SA_SIGINFO


---------------  S Y S T E M  ---------------

OS:DISTRIB_ID=Ubuntu
DISTRIB_RELEASE=16.10
DISTRIB_CODENAME=yakkety
DISTRIB_DESCRIPTION="Ubuntu 16.10"

uname:Linux 4.8.12-040812-lowlatency #201612020431 SMP PREEMPT Fri Dec 2 09:39:04 UTC 2016 x86_64
libc:glibc 2.24 NPTL 2.24 
rlimit: STACK 8192k, CORE 0k, NPROC 30408, NOFILE 4096, AS infinity
load average:3.04 1.83 1.36

/proc/meminfo:
MemTotal:        8056512 kB
MemFree:          713276 kB
MemAvailable:    2415452 kB
Buffers:          445208 kB
Cached:          2138276 kB
SwapCached:          332 kB
Active:          5079748 kB
Inactive:        1755232 kB
Active(anon):    4074692 kB
Inactive(anon):  1020372 kB
Active(file):    1005056 kB
Inactive(file):   734860 kB
Unevictable:         816 kB
Mlocked:             816 kB
SwapTotal:       8270844 kB
SwapFree:        8245704 kB
Dirty:               352 kB
Writeback:             4 kB
AnonPages:       4096396 kB
Mapped:           764260 kB
Shmem:            843568 kB
Slab:             336576 kB
SReclaimable:     271368 kB
SUnreclaim:        65208 kB
KernelStack:       16000 kB
PageTables:        74376 kB
NFS_Unstable:          0 kB
Bounce:                0 kB
WritebackTmp:          0 kB
CommitLimit:    12299100 kB
Committed_AS:   14177740 kB
VmallocTotal:   34359738367 kB
VmallocUsed:           0 kB
VmallocChunk:          0 kB
HardwareCorrupted:     0 kB
AnonHugePages:   1632256 kB
ShmemHugePages:        0 kB
ShmemPmdMapped:        0 kB
CmaTotal:              0 kB
CmaFree:               0 kB
HugePages_Total:       0
HugePages_Free:        0
HugePages_Rsvd:        0
HugePages_Surp:        0
Hugepagesize:       2048 kB
DirectMap4k:      277052 kB
DirectMap2M:     7993344 kB
DirectMap1G:           0 kB


CPU:total 4 (2 cores per cpu, 2 threads per core) family 6 model 78 stepping 3, cmov, cx8, fxsr, mmx, sse, sse2, sse3, ssse3, sse4.1, sse4.2, popcnt, avx, avx2, aes, clmul, erms, 3dnowpref, lzcnt, ht, tsc, tscinvbit, bmi1, bmi2, adx

/proc/cpuinfo:
processor	: 0
vendor_id	: GenuineIntel
cpu family	: 6
model		: 78
model name	: Intel(R) Core(TM) i7-6500U CPU @ 2.50GHz
stepping	: 3
microcode	: 0x9e
cpu MHz		: 1599.926
cache size	: 4096 KB
physical id	: 0
siblings	: 4
core id		: 0
cpu cores	: 2
apicid		: 0
initial apicid	: 0
fpu		: yes
fpu_exception	: yes
cpuid level	: 22
wp		: yes
flags		: fpu vme de pse tsc msr pae mce cx8 apic sep mtrr pge mca cmov pat pse36 clflush dts acpi mmx fxsr sse sse2 ss ht tm pbe syscall nx pdpe1gb rdtscp lm constant_tsc art arch_perfmon pebs bts rep_good nopl xtopology nonstop_tsc aperfmperf eagerfpu pni pclmulqdq dtes64 monitor ds_cpl vmx est tm2 ssse3 sdbg fma cx16 xtpr pdcm pcid sse4_1 sse4_2 x2apic movbe popcnt tsc_deadline_timer aes xsave avx f16c rdrand lahf_lm abm 3dnowprefetch epb intel_pt tpr_shadow vnmi flexpriority ept vpid fsgsbase tsc_adjust bmi1 avx2 smep bmi2 erms invpcid mpx rdseed adx smap clflushopt xsaveopt xsavec xgetbv1 xsaves dtherm ida arat pln pts hwp hwp_notify hwp_act_window hwp_epp
bugs		:
bogomips	: 5184.00
clflush size	: 64
cache_alignment	: 64
address sizes	: 39 bits physical, 48 bits virtual
power management:

processor	: 1
vendor_id	: GenuineIntel
cpu family	: 6
model		: 78
model name	: Intel(R) Core(TM) i7-6500U CPU @ 2.50GHz
stepping	: 3
microcode	: 0x9e
cpu MHz		: 1599.926
cache size	: 4096 KB
physical id	: 0
siblings	: 4
core id		: 1
cpu cores	: 2
apicid		: 2
initial apicid	: 2
fpu		: yes
fpu_exception	: yes
cpuid level	: 22
wp		: yes
flags		: fpu vme de pse tsc msr pae mce cx8 apic sep mtrr pge mca cmov pat pse36 clflush dts acpi mmx fxsr sse sse2 ss ht tm pbe syscall nx pdpe1gb rdtscp lm constant_tsc art arch_perfmon pebs bts rep_good nopl xtopology nonstop_tsc aperfmperf eagerfpu pni pclmulqdq dtes64 monitor ds_cpl vmx est tm2 ssse3 sdbg fma cx16 xtpr pdcm pcid sse4_1 sse4_2 x2apic movbe popcnt tsc_deadline_timer aes xsave avx f16c rdrand lahf_lm abm 3dnowprefetch epb intel_pt tpr_shadow vnmi flexpriority ept vpid fsgsbase tsc_adjust bmi1 avx2 smep bmi2 erms invpcid mpx rdseed adx smap clflushopt xsaveopt xsavec xgetbv1 xsaves dtherm ida arat pln pts hwp hwp_notify hwp_act_window hwp_epp
bugs		:
bogomips	: 5187.06
clflush size	: 64
cache_alignment	: 64
address sizes	: 39 bits physical, 48 bits virtual
power management:

processor	: 2
vendor_id	: GenuineIntel
cpu family	: 6
model		: 78
model name	: Intel(R) Core(TM) i7-6500U CPU @ 2.50GHz
stepping	: 3
microcode	: 0x9e
cpu MHz		: 1599.926
cache size	: 4096 KB
physical id	: 0
siblings	: 4
core id		: 0
cpu cores	: 2
apicid		: 1
initial apicid	: 1
fpu		: yes
fpu_exception	: yes
cpuid level	: 22
wp		: yes
flags		: fpu vme de pse tsc msr pae mce cx8 apic sep mtrr pge mca cmov pat pse36 clflush dts acpi mmx fxsr sse sse2 ss ht tm pbe syscall nx pdpe1gb rdtscp lm constant_tsc art arch_perfmon pebs bts rep_good nopl xtopology nonstop_tsc aperfmperf eagerfpu pni pclmulqdq dtes64 monitor ds_cpl vmx est tm2 ssse3 sdbg fma cx16 xtpr pdcm pcid sse4_1 sse4_2 x2apic movbe popcnt tsc_deadline_timer aes xsave avx f16c rdrand lahf_lm abm 3dnowprefetch epb intel_pt tpr_shadow vnmi flexpriority ept vpid fsgsbase tsc_adjust bmi1 avx2 smep bmi2 erms invpcid mpx rdseed adx smap clflushopt xsaveopt xsavec xgetbv1 xsaves dtherm ida arat pln pts hwp hwp_notify hwp_act_window hwp_epp
bugs		:
bogomips	: 5188.79
clflush size	: 64
cache_alignment	: 64
address sizes	: 39 bits physical, 48 bits virtual
power management:

processor	: 3
vendor_id	: GenuineIntel
cpu family	: 6
model		: 78
model name	: Intel(R) Core(TM) i7-6500U CPU @ 2.50GHz
stepping	: 3
microcode	: 0x9e
cpu MHz		: 1599.926
cache size	: 4096 KB
physical id	: 0
siblings	: 4
core id		: 1
cpu cores	: 2
apicid		: 3
initial apicid	: 3
fpu		: yes
fpu_exception	: yes
cpuid level	: 22
wp		: yes
flags		: fpu vme de pse tsc msr pae mce cx8 apic sep mtrr pge mca cmov pat pse36 clflush dts acpi mmx fxsr sse sse2 ss ht tm pbe syscall nx pdpe1gb rdtscp lm constant_tsc art arch_perfmon pebs bts rep_good nopl xtopology nonstop_tsc aperfmperf eagerfpu pni pclmulqdq dtes64 monitor ds_cpl vmx est tm2 ssse3 sdbg fma cx16 xtpr pdcm pcid sse4_1 sse4_2 x2apic movbe popcnt tsc_deadline_timer aes xsave avx f16c rdrand lahf_lm abm 3dnowprefetch epb intel_pt tpr_shadow vnmi flexpriority ept vpid fsgsbase tsc_adjust bmi1 avx2 smep bmi2 erms invpcid mpx rdseed adx smap clflushopt xsaveopt xsavec xgetbv1 xsaves dtherm ida arat pln pts hwp hwp_notify hwp_act_window hwp_epp
bugs		:
bogomips	: 5187.47
clflush size	: 64
cache_alignment	: 64
address sizes	: 39 bits physical, 48 bits virtual
power management:



Memory: 4k page, physical 8056512k(713448k free), swap 8270844k(8245704k free)

vm_info: OpenJDK 64-Bit Server VM (25.121-b13) for linux-amd64 JRE (1.8.0_121-8u121-b13-0ubuntu1.16.10.2-b13), built on Jan 23 2017 11:22:24 by "buildd" with gcc 6.2.0 20161005

time: Wed Apr 12 20:45:28 2017
elapsed time: 1 seconds (0d 0h 0m 1s)

